Added Component: Designator=C1(C 0201_L)
Add component. Clean all parameters for all variants
Add component (AddParameter): Name = "BOM名称"; Value = "无极性贴片电容"; VariantName = "[No Variations]"
Add component (AddParameter): Name = "学习资源"; Value = "www.ooocke.com"; VariantName = "[No Variations]"
Add component (AddParameter): Name = "版权归属"; Value = "源创客"; VariantName = "[No Variations]"
Added Component: Designator=JP1(HDR2.54-LI-3P)
Add component. Clean all parameters for all variants
Add component (AddParameter): Name = "BOM名称"; Value = "3P接插件"; VariantName = "[No Variations]"
Add component (AddParameter): Name = "学习资源"; Value = "www.ooocke.com"; VariantName = "[No Variations]"
Add component (AddParameter): Name = "版权归属"; Value = "源创客"; VariantName = "[No Variations]"
Added Component: Designator=JP2(HDR2.54-LI-7P)
Add component. Clean all parameters for all variants
Add component (AddParameter): Name = "BOM名称"; Value = "7P接插件"; VariantName = "[No Variations]"
Add component (AddParameter): Name = "学习资源"; Value = "www.ooocke.com"; VariantName = "[No Variations]"
Add component (AddParameter): Name = "版权归属"; Value = "源创客"; VariantName = "[No Variations]"
Added Component: Designator=JP3(HDR2.54-LI-3P)
Add component. Clean all parameters for all variants
Add component (AddParameter): Name = "BOM名称"; Value = "3P接插件"; VariantName = "[No Variations]"
Add component (AddParameter): Name = "学习资源"; Value = "www.ooocke.com"; VariantName = "[No Variations]"
Add component (AddParameter): Name = "版权归属"; Value = "源创客"; VariantName = "[No Variations]"
Added Component: Designator=JP4(HDR2.54-LI-7P)
Add component. Clean all parameters for all variants
Add component (AddParameter): Name = "BOM名称"; Value = "7P接插件"; VariantName = "[No Variations]"
Add component (AddParameter): Name = "学习资源"; Value = "www.ooocke.com"; VariantName = "[No Variations]"
Add component (AddParameter): Name = "版权归属"; Value = "源创客"; VariantName = "[No Variations]"
Added Component: Designator=JP5(HDR2.54-LI-3P)
Add component. Clean all parameters for all variants
Add component (AddParameter): Name = "BOM名称"; Value = "3P接插件"; VariantName = "[No Variations]"
Add component (AddParameter): Name = "学习资源"; Value = "www.ooocke.com"; VariantName = "[No Variations]"
Add component (AddParameter): Name = "版权归属"; Value = "源创客"; VariantName = "[No Variations]"
Added Component: Designator=JP6(HDR2.54-LI-3P)
Add component. Clean all parameters for all variants
Add component (AddParameter): Name = "BOM名称"; Value = "3P接插件"; VariantName = "[No Variations]"
Add component (AddParameter): Name = "学习资源"; Value = "www.ooocke.com"; VariantName = "[No Variations]"
Add component (AddParameter): Name = "版权归属"; Value = "源创客"; VariantName = "[No Variations]"
Added Component: Designator=JP7(HDR2.54-LI-3P)
Add component. Clean all parameters for all variants
Add component (AddParameter): Name = "BOM名称"; Value = "3P接插件"; VariantName = "[No Variations]"
Add component (AddParameter): Name = "学习资源"; Value = "www.ooocke.com"; VariantName = "[No Variations]"
Add component (AddParameter): Name = "版权归属"; Value = "源创客"; VariantName = "[No Variations]"
Added Component: Designator=JP8(HDR2.54-LI-3P)
Add component. Clean all parameters for all variants
Add component (AddParameter): Name = "BOM名称"; Value = "3P接插件"; VariantName = "[No Variations]"
Add component (AddParameter): Name = "学习资源"; Value = "www.ooocke.com"; VariantName = "[No Variations]"
Add component (AddParameter): Name = "版权归属"; Value = "源创客"; VariantName = "[No Variations]"
Added Component: Designator=JP9(HDR2.54-LI-2P)
Add component. Clean all parameters for all variants
Add component (AddParameter): Name = "BOM名称"; Value = "2P接插件"; VariantName = "[No Variations]"
Add component (AddParameter): Name = "学习资源"; Value = "www.ooocke.com"; VariantName = "[No Variations]"
Add component (AddParameter): Name = "版权归属"; Value = "源创客"; VariantName = "[No Variations]"
Added Component: Designator=JP10(HDR2.54-LI-3P)
Add component. Clean all parameters for all variants
Add component (AddParameter): Name = "BOM名称"; Value = "3P接插件"; VariantName = "[No Variations]"
Add component (AddParameter): Name = "学习资源"; Value = "www.ooocke.com"; VariantName = "[No Variations]"
Add component (AddParameter): Name = "版权归属"; Value = "源创客"; VariantName = "[No Variations]"
Added Component: Designator=JP11(HDR2.54-LI-3P)
Add component. Clean all parameters for all variants
Add component (AddParameter): Name = "BOM名称"; Value = "3P接插件"; VariantName = "[No Variations]"
Add component (AddParameter): Name = "学习资源"; Value = "www.ooocke.com"; VariantName = "[No Variations]"
Add component (AddParameter): Name = "版权归属"; Value = "源创客"; VariantName = "[No Variations]"
Added Component: Designator=JP12(HDR2.54-LI-2P)
Add component. Clean all parameters for all variants
Add component (AddParameter): Name = "BOM名称"; Value = "2P接插件"; VariantName = "[No Variations]"
Add component (AddParameter): Name = "学习资源"; Value = "www.ooocke.com"; VariantName = "[No Variations]"
Add component (AddParameter): Name = "版权归属"; Value = "源创客"; VariantName = "[No Variations]"
Added Component: Designator=JP13(HDR2.54-LI-3P)
Add component. Clean all parameters for all variants
Add component (AddParameter): Name = "BOM名称"; Value = "3P接插件"; VariantName = "[No Variations]"
Add component (AddParameter): Name = "学习资源"; Value = "www.ooocke.com"; VariantName = "[No Variations]"
Add component (AddParameter): Name = "版权归属"; Value = "源创客"; VariantName = "[No Variations]"
Added Component: Designator=JP14(HDR2.54-LI-3P)
Add component. Clean all parameters for all variants
Add component (AddParameter): Name = "BOM名称"; Value = "3P接插件"; VariantName = "[No Variations]"
Add component (AddParameter): Name = "学习资源"; Value = "www.ooocke.com"; VariantName = "[No Variations]"
Add component (AddParameter): Name = "版权归属"; Value = "源创客"; VariantName = "[No Variations]"
Added Component: Designator=JP15(HDR2.54-LI-2P)
Add component. Clean all parameters for all variants
Add component (AddParameter): Name = "BOM名称"; Value = "2P接插件"; VariantName = "[No Variations]"
Add component (AddParameter): Name = "学习资源"; Value = "www.ooocke.com"; VariantName = "[No Variations]"
Add component (AddParameter): Name = "版权归属"; Value = "源创客"; VariantName = "[No Variations]"
Added Component: Designator=JP16(HDR2.54-LI-4P)
Add component. Clean all parameters for all variants
Add component (AddParameter): Name = "BOM名称"; Value = "4P接插件"; VariantName = "[No Variations]"
Add component (AddParameter): Name = "学习资源"; Value = "www.ooocke.com"; VariantName = "[No Variations]"
Add component (AddParameter): Name = "版权归属"; Value = "源创客"; VariantName = "[No Variations]"
Added Component: Designator=JP17(HDR2.54-LI-3P)
Add component. Clean all parameters for all variants
Add component (AddParameter): Name = "BOM名称"; Value = "3P接插件"; VariantName = "[No Variations]"
Add component (AddParameter): Name = "学习资源"; Value = "www.ooocke.com"; VariantName = "[No Variations]"
Add component (AddParameter): Name = "版权归属"; Value = "源创客"; VariantName = "[No Variations]"
Added Component: Designator=JP18(HDR2.54-LI-2P)
Add component. Clean all parameters for all variants
Add component (AddParameter): Name = "BOM名称"; Value = "2P接插件"; VariantName = "[No Variations]"
Add component (AddParameter): Name = "学习资源"; Value = "www.ooocke.com"; VariantName = "[No Variations]"
Add component (AddParameter): Name = "版权归属"; Value = "源创客"; VariantName = "[No Variations]"
Added Component: Designator=JP19(HDR2.54-LI-3P)
Add component. Clean all parameters for all variants
Add component (AddParameter): Name = "BOM名称"; Value = "3P接插件"; VariantName = "[No Variations]"
Add component (AddParameter): Name = "学习资源"; Value = "www.ooocke.com"; VariantName = "[No Variations]"
Add component (AddParameter): Name = "版权归属"; Value = "源创客"; VariantName = "[No Variations]"
Added Component: Designator=JP20(HDR2.54-LI-7P)
Add component. Clean all parameters for all variants
Add component (AddParameter): Name = "BOM名称"; Value = "7P接插件"; VariantName = "[No Variations]"
Add component (AddParameter): Name = "学习资源"; Value = "www.ooocke.com"; VariantName = "[No Variations]"
Add component (AddParameter): Name = "版权归属"; Value = "源创客"; VariantName = "[No Variations]"
Added Component: Designator=JP21(HDR2.54-LI-7P)
Add component. Clean all parameters for all variants
Add component (AddParameter): Name = "BOM名称"; Value = "7P接插件"; VariantName = "[No Variations]"
Add component (AddParameter): Name = "学习资源"; Value = "www.ooocke.com"; VariantName = "[No Variations]"
Add component (AddParameter): Name = "版权归属"; Value = "源创客"; VariantName = "[No Variations]"
Added Component: Designator=JP22(HDR2.54-LI-4P)
Add component. Clean all parameters for all variants
Add component (AddParameter): Name = "BOM名称"; Value = "4P接插件"; VariantName = "[No Variations]"
Add component (AddParameter): Name = "学习资源"; Value = "www.ooocke.com"; VariantName = "[No Variations]"
Add component (AddParameter): Name = "版权归属"; Value = "源创客"; VariantName = "[No Variations]"
Added Component: Designator=JP23(HDR2.54-LI-4P)
Add component. Clean all parameters for all variants
Add component (AddParameter): Name = "BOM名称"; Value = "4P接插件"; VariantName = "[No Variations]"
Add component (AddParameter): Name = "学习资源"; Value = "www.ooocke.com"; VariantName = "[No Variations]"
Add component (AddParameter): Name = "版权归属"; Value = "源创客"; VariantName = "[No Variations]"
Added Component: Designator=JP24(HDR2.54-LI-4P)
Add component. Clean all parameters for all variants
Add component (AddParameter): Name = "BOM名称"; Value = "4P接插件"; VariantName = "[No Variations]"
Add component (AddParameter): Name = "学习资源"; Value = "www.ooocke.com"; VariantName = "[No Variations]"
Add component (AddParameter): Name = "版权归属"; Value = "源创客"; VariantName = "[No Variations]"
Added Component: Designator=JP25(HDR2.54-LI-4P)
Add component. Clean all parameters for all variants
Add component (AddParameter): Name = "BOM名称"; Value = "4P接插件"; VariantName = "[No Variations]"
Add component (AddParameter): Name = "学习资源"; Value = "www.ooocke.com"; VariantName = "[No Variations]"
Add component (AddParameter): Name = "版权归属"; Value = "源创客"; VariantName = "[No Variations]"
Added Component: Designator=M1(FK743M1-IIT6)
Add component. Clean all parameters for all variants
Added Component: Designator=Q1(SOT23-3N)
Add component. Clean all parameters for all variants
Add component (AddParameter): Name = "BOM名称"; Value = "高频放大-NPN型"; VariantName = "[No Variations]"
Add component (AddParameter): Name = "学习资源"; Value = "www.ooocke.com"; VariantName = "[No Variations]"
Add component (AddParameter): Name = "属性"; Value = "40V 1.5A 1W 100MHZ"; VariantName = "[No Variations]"
Add component (AddParameter): Name = "版权归属"; Value = "源创客"; VariantName = "[No Variations]"
Added Component: Designator=R1(R 0201_L)
Add component. Clean all parameters for all variants
Add component (AddParameter): Name = "BOM名称"; Value = "贴片电阻"; VariantName = "[No Variations]"
Add component (AddParameter): Name = "学习资源"; Value = "www.ooocke.com"; VariantName = "[No Variations]"
Add component (AddParameter): Name = "版权归属"; Value = "源创客"; VariantName = "[No Variations]"
Added Component: Designator=R2(R 0201_L)
Add component. Clean all parameters for all variants
Add component (AddParameter): Name = "BOM名称"; Value = "贴片电阻"; VariantName = "[No Variations]"
Add component (AddParameter): Name = "学习资源"; Value = "www.ooocke.com"; VariantName = "[No Variations]"
Add component (AddParameter): Name = "版权归属"; Value = "源创客"; VariantName = "[No Variations]"
Added Component: Designator=R3(R 0201_L)
Add component. Clean all parameters for all variants
Add component (AddParameter): Name = "BOM名称"; Value = "贴片电阻"; VariantName = "[No Variations]"
Add component (AddParameter): Name = "学习资源"; Value = "www.ooocke.com"; VariantName = "[No Variations]"
Add component (AddParameter): Name = "版权归属"; Value = "源创客"; VariantName = "[No Variations]"
Added Component: Designator=R4(R 0201_L)
Add component. Clean all parameters for all variants
Add component (AddParameter): Name = "BOM名称"; Value = "贴片电阻"; VariantName = "[No Variations]"
Add component (AddParameter): Name = "学习资源"; Value = "www.ooocke.com"; VariantName = "[No Variations]"
Add component (AddParameter): Name = "版权归属"; Value = "源创客"; VariantName = "[No Variations]"
Added Pin To Net: NetName=+5 Pin=JP1-2
Added Pin To Net: NetName=+5 Pin=JP3-2
Added Pin To Net: NetName=+5 Pin=JP5-2
Added Pin To Net: NetName=+5 Pin=JP8-2
Added Pin To Net: NetName=+5 Pin=JP10-2
Added Pin To Net: NetName=+5 Pin=JP13-2
Added Pin To Net: NetName=+5 Pin=JP17-2
Added Pin To Net: NetName=+5 Pin=JP19-2
Added Pin To Net: NetName=+5 Pin=M1-1
Added Pin To Net: NetName=+5 Pin=M1-2
Added Pin To Net: NetName=+5 Pin=M1-3
Added Pin To Net: NetName=+5 Pin=M1-4
Added Pin To Net: NetName=+5 Pin=M1-5
Added Pin To Net: NetName=+5 Pin=M1-6
Added Pin To Net: NetName=+5 Pin=M1-7
Added Pin To Net: NetName=+5 Pin=M1-8
Added Net: Name=+5
Added Pin To Net: NetName=3V3 Pin=JP16-1
Added Pin To Net: NetName=3V3 Pin=JP21-1
Added Pin To Net: NetName=3V3 Pin=JP23-1
Added Pin To Net: NetName=3V3 Pin=JP25-1
Added Pin To Net: NetName=3V3 Pin=M1-11
Added Pin To Net: NetName=3V3 Pin=M1-12
Added Pin To Net: NetName=3V3 Pin=M1-13
Added Pin To Net: NetName=3V3 Pin=M1-14
Added Pin To Net: NetName=3V3 Pin=M1-15
Added Pin To Net: NetName=3V3 Pin=M1-16
Added Pin To Net: NetName=3V3 Pin=M1-17
Added Pin To Net: NetName=3V3 Pin=M1-18
Added Pin To Net: NetName=3V3 Pin=R1-2
Added Pin To Net: NetName=3V3 Pin=R3-1
Added Pin To Net: NetName=3V3 Pin=R4-1
Added Net: Name=3V3
Added Pin To Net: NetName=GND Pin=C1-1
Added Pin To Net: NetName=GND Pin=JP1-3
Added Pin To Net: NetName=GND Pin=JP3-3
Added Pin To Net: NetName=GND Pin=JP5-3
Added Pin To Net: NetName=GND Pin=JP8-3
Added Pin To Net: NetName=GND Pin=JP10-3
Added Pin To Net: NetName=GND Pin=JP13-3
Added Pin To Net: NetName=GND Pin=JP14-3
Added Pin To Net: NetName=GND Pin=JP16-4
Added Pin To Net: NetName=GND Pin=JP17-3
Added Pin To Net: NetName=GND Pin=JP19-3
Added Pin To Net: NetName=GND Pin=JP20-1
Added Pin To Net: NetName=GND Pin=JP23-4
Added Pin To Net: NetName=GND Pin=JP24-4
Added Pin To Net: NetName=GND Pin=JP25-4
Added Pin To Net: NetName=GND Pin=M1-21
Added Pin To Net: NetName=GND Pin=M1-22
Added Pin To Net: NetName=GND Pin=M1-23
Added Pin To Net: NetName=GND Pin=M1-24
Added Pin To Net: NetName=GND Pin=M1-25
Added Pin To Net: NetName=GND Pin=M1-26
Added Pin To Net: NetName=GND Pin=M1-27
Added Pin To Net: NetName=GND Pin=M1-28
Added Pin To Net: NetName=GND Pin=M1-29
Added Pin To Net: NetName=GND Pin=M1-30
Added Pin To Net: NetName=GND Pin=M1-31
Added Pin To Net: NetName=GND Pin=M1-32
Added Pin To Net: NetName=GND Pin=M1-69
Added Pin To Net: NetName=GND Pin=M1-70
Added Pin To Net: NetName=GND Pin=M1-71
Added Pin To Net: NetName=GND Pin=M1-72
Added Pin To Net: NetName=GND Pin=M1-73
Added Pin To Net: NetName=GND Pin=M1-74
Added Pin To Net: NetName=GND Pin=M1-75
Added Pin To Net: NetName=GND Pin=M1-76
Added Pin To Net: NetName=GND Pin=M1-195
Added Pin To Net: NetName=GND Pin=M1-196
Added Pin To Net: NetName=GND Pin=M1-197
Added Pin To Net: NetName=GND Pin=M1-198
Added Pin To Net: NetName=GND Pin=M1-199
Added Pin To Net: NetName=GND Pin=M1-200
Added Pin To Net: NetName=GND Pin=M1-201
Added Pin To Net: NetName=GND Pin=M1-202
Added Pin To Net: NetName=GND Pin=M1-203
Added Pin To Net: NetName=GND Pin=M1-204
Added Pin To Net: NetName=GND Pin=Q1-2
Added Pin To Net: NetName=GND Pin=R2-1
Added Net: Name=GND
Added Pin To Net: NetName=NetC1_2 Pin=C1-2
Added Pin To Net: NetName=NetC1_2 Pin=M1-190
Added Pin To Net: NetName=NetC1_2 Pin=Q1-3
Added Pin To Net: NetName=NetC1_2 Pin=R1-1
Added Net: Name=NetC1_2
Added Pin To Net: NetName=PA0_TIM2_CH1 Pin=JP17-1
Added Pin To Net: NetName=PA0_TIM2_CH1 Pin=M1-175
Added Net: Name=PA0_TIM2_CH1
Added Pin To Net: NetName=PA1_TIM5_CH2 Pin=JP7-1
Added Pin To Net: NetName=PA1_TIM5_CH2 Pin=M1-173
Added Net: Name=PA1_TIM5_CH2
Added Pin To Net: NetName=PA3_UART2_RX Pin=JP23-2
Added Pin To Net: NetName=PA3_UART2_RX Pin=M1-153
Added Net: Name=PA3_UART2_RX
Added Pin To Net: NetName=PA4_DAC1_OUT1 Pin=JP6-3
Added Pin To Net: NetName=PA4_DAC1_OUT1 Pin=M1-151
Added Net: Name=PA4_DAC1_OUT1
Added Pin To Net: NetName=PA5_SPI1_SCLK Pin=JP24-1
Added Pin To Net: NetName=PA5_SPI1_SCLK Pin=M1-149
Added Net: Name=PA5_SPI1_SCLK
Added Pin To Net: NetName=PA6_SPI1_MISO Pin=JP24-2
Added Pin To Net: NetName=PA6_SPI1_MISO Pin=M1-147
Added Net: Name=PA6_SPI1_MISO
Added Pin To Net: NetName=PA7_SPI1_MOSI Pin=JP24-3
Added Pin To Net: NetName=PA7_SPI1_MOSI Pin=M1-131
Added Net: Name=PA7_SPI1_MOSI
Added Pin To Net: NetName=PA9_UART1_TX Pin=JP12-2
Added Pin To Net: NetName=PA9_UART1_TX Pin=M1-89
Added Net: Name=PA9_UART1_TX
Added Pin To Net: NetName=PA10_UART1_RX Pin=JP12-1
Added Pin To Net: NetName=PA10_UART1_RX Pin=M1-87
Added Net: Name=PA10_UART1_RX
Added Pin To Net: NetName=PA11_UART4_RX Pin=JP20-7
Added Pin To Net: NetName=PA11_UART4_RX Pin=M1-85
Added Net: Name=PA11_UART4_RX
Added Pin To Net: NetName=PA12_UART4_TX Pin=JP20-6
Added Pin To Net: NetName=PA12_UART4_TX Pin=M1-83
Added Net: Name=PA12_UART4_TX
Added Pin To Net: NetName=PA13_SWDIO Pin=JP16-2
Added Pin To Net: NetName=PA13_SWDIO Pin=M1-77
Added Net: Name=PA13_SWDIO
Added Pin To Net: NetName=PA14_SWCLK Pin=JP16-3
Added Pin To Net: NetName=PA14_SWCLK Pin=M1-79
Added Net: Name=PA14_SWCLK
Added Pin To Net: NetName=PA15 Pin=JP2-1
Added Pin To Net: NetName=PA15 Pin=M1-95
Added Net: Name=PA15
Added Pin To Net: NetName=PB0_TIM3_CH3 Pin=JP5-1
Added Pin To Net: NetName=PB0_TIM3_CH3 Pin=M1-117
Added Net: Name=PB0_TIM3_CH3
Added Pin To Net: NetName=PB1_TIM3_CH4 Pin=JP8-1
Added Pin To Net: NetName=PB1_TIM3_CH4 Pin=M1-115
Added Net: Name=PB1_TIM3_CH4
Added Pin To Net: NetName=PB3_TIM2_CH2 Pin=JP3-1
Added Pin To Net: NetName=PB3_TIM2_CH2 Pin=M1-133
Added Net: Name=PB3_TIM2_CH2
Added Pin To Net: NetName=PB4_TIM3_CH1 Pin=JP1-1
Added Pin To Net: NetName=PB4_TIM3_CH1 Pin=M1-135
Added Net: Name=PB4_TIM3_CH1
Added Pin To Net: NetName=PB5_UART5_RX Pin=JP18-1
Added Pin To Net: NetName=PB5_UART5_RX Pin=M1-137
Added Net: Name=PB5_UART5_RX
Added Pin To Net: NetName=PB7_TIM4_CH2 Pin=JP19-1
Added Pin To Net: NetName=PB7_TIM4_CH2 Pin=M1-139
Added Net: Name=PB7_TIM4_CH2
Added Pin To Net: NetName=PB8_IIC1_SCL Pin=JP25-2
Added Pin To Net: NetName=PB8_IIC1_SCL Pin=M1-143
Added Pin To Net: NetName=PB8_IIC1_SCL Pin=R3-2
Added Net: Name=PB8_IIC1_SCL
Added Pin To Net: NetName=PB9_IIC1_SDA Pin=JP25-3
Added Pin To Net: NetName=PB9_IIC1_SDA Pin=M1-145
Added Pin To Net: NetName=PB9_IIC1_SDA Pin=R4-2
Added Net: Name=PB9_IIC1_SDA
Added Pin To Net: NetName=PB10_TIM2_CH3 Pin=JP10-1
Added Pin To Net: NetName=PB10_TIM2_CH3 Pin=M1-99
Added Net: Name=PB10_TIM2_CH3
Added Pin To Net: NetName=PB11_TIM2_CH4 Pin=JP13-1
Added Pin To Net: NetName=PB11_TIM2_CH4 Pin=M1-97
Added Net: Name=PB11_TIM2_CH4
Added Pin To Net: NetName=PB12 Pin=JP2-2
Added Pin To Net: NetName=PB12 Pin=M1-49
Added Net: Name=PB12
Added Pin To Net: NetName=PB13_UART5_TX Pin=JP18-2
Added Pin To Net: NetName=PB13_UART5_TX Pin=M1-51
Added Net: Name=PB13_UART5_TX
Added Pin To Net: NetName=PB14_TIM12_CH1 Pin=JP11-2
Added Pin To Net: NetName=PB14_TIM12_CH1 Pin=M1-53
Added Net: Name=PB14_TIM12_CH1
Added Pin To Net: NetName=PB15_TIM12_CH2 Pin=JP11-3
Added Pin To Net: NetName=PB15_TIM12_CH2 Pin=M1-55
Added Net: Name=PB15_TIM12_CH2
Added Pin To Net: NetName=PC0 Pin=JP2-3
Added Pin To Net: NetName=PC0 Pin=M1-177
Added Net: Name=PC0
Added Pin To Net: NetName=PC2_ADC3_INP0 Pin=JP6-1
Added Pin To Net: NetName=PC2_ADC3_INP0 Pin=M1-181
Added Net: Name=PC2_ADC3_INP0
Added Pin To Net: NetName=PC3_ADC3_INP1 Pin=JP6-2
Added Pin To Net: NetName=PC3_ADC3_INP1 Pin=M1-183
Added Net: Name=PC3_ADC3_INP1
Added Pin To Net: NetName=PC4 Pin=JP2-4
Added Pin To Net: NetName=PC4 Pin=M1-129
Added Net: Name=PC4
Added Pin To Net: NetName=PC5 Pin=JP2-5
Added Pin To Net: NetName=PC5 Pin=M1-127
Added Net: Name=PC5
Added Pin To Net: NetName=PC6_UART6_TX Pin=JP15-2
Added Pin To Net: NetName=PC6_UART6_TX Pin=M1-93
Added Net: Name=PC6_UART6_TX
Added Pin To Net: NetName=PC7_UART6_RX Pin=JP15-1
Added Pin To Net: NetName=PC7_UART6_RX Pin=M1-91
Added Net: Name=PC7_UART6_RX
Added Pin To Net: NetName=PC13 Pin=JP2-6
Added Pin To Net: NetName=PC13 Pin=M1-171
Added Pin To Net: NetName=PC13 Pin=M1-179
Added Net: Name=PC13
Added Pin To Net: NetName=PD3 Pin=JP2-7
Added Pin To Net: NetName=PD3 Pin=M1-105
Added Net: Name=PD3
Added Pin To Net: NetName=PD4 Pin=JP4-1
Added Pin To Net: NetName=PD4 Pin=M1-107
Added Net: Name=PD4
Added Pin To Net: NetName=PD5_UART2_TX Pin=JP23-3
Added Pin To Net: NetName=PD5_UART2_TX Pin=M1-101
Added Net: Name=PD5_UART2_TX
Added Pin To Net: NetName=PD7 Pin=JP4-2
Added Pin To Net: NetName=PD7 Pin=M1-119
Added Net: Name=PD7
Added Pin To Net: NetName=PE3 Pin=JP4-3
Added Pin To Net: NetName=PE3 Pin=M1-167
Added Net: Name=PE3
Added Pin To Net: NetName=PE4_TIM15_CH1N Pin=JP14-1
Added Pin To Net: NetName=PE4_TIM15_CH1N Pin=M1-169
Added Net: Name=PE4_TIM15_CH1N
Added Pin To Net: NetName=PF6_UART7_RX Pin=JP9-1
Added Pin To Net: NetName=PF6_UART7_RX Pin=M1-161
Added Net: Name=PF6_UART7_RX
Added Pin To Net: NetName=PF7_UART7_TX Pin=JP9-2
Added Pin To Net: NetName=PF7_UART7_TX Pin=M1-159
Added Net: Name=PF7_UART7_TX
Added Pin To Net: NetName=PF8_TIM13_CH1 Pin=JP7-2
Added Pin To Net: NetName=PF8_TIM13_CH1 Pin=M1-157
Added Net: Name=PF8_TIM13_CH1
Added Pin To Net: NetName=PF9_TIM14_CH1 Pin=JP7-3
Added Pin To Net: NetName=PF9_TIM14_CH1 Pin=M1-155
Added Net: Name=PF9_TIM14_CH1
Added Pin To Net: NetName=PG9 Pin=JP4-4
Added Pin To Net: NetName=PG9 Pin=M1-121
Added Net: Name=PG9
Added Pin To Net: NetName=PG10 Pin=JP4-5
Added Pin To Net: NetName=PG10 Pin=M1-123
Added Net: Name=PG10
Added Pin To Net: NetName=PG11 Pin=JP4-6
Added Pin To Net: NetName=PG11 Pin=M1-125
Added Net: Name=PG11
Added Pin To Net: NetName=PI3 Pin=JP4-7
Added Pin To Net: NetName=PI3 Pin=M1-81
Added Net: Name=PI3
Added Pin To Net: NetName=stm32_rst Pin=Q1-1
Added Pin To Net: NetName=stm32_rst Pin=R2-2
Added Net: Name=stm32_rst
Added Class: Name=CommonBoard_FK_H743_out
Added Class: Name=CommonBoard_FK_H743
Added Room: Name=CommonBoard_FK_H743
Added Room: Name=CommonBoard_FK_H743_out
