Removed Pin From Net: NetName=PB13_UART5_TX Pin=M1-51
Removed Pin From Net: NetName=PB14_TIM12_CH1 Pin=M1-53
Removed Pin From Net: NetName=PB15_TIM12_CH2 Pin=M1-55
Removed Pin From Net: NetName=PA12_UART4_TX Pin=M1-83
Removed Pin From Net: NetName=PA11_UART4_RX Pin=M1-85
Removed Pin From Net: NetName=PA10_UART1_RX Pin=M1-87
Removed Pin From Net: NetName=PA9_UART1_TX Pin=M1-89
Removed Pin From Net: NetName=PC7_UART6_RX Pin=M1-91
Removed Pin From Net: NetName=PC6_UART6_TX Pin=M1-93
Removed Pin From Net: NetName=PB11_TIM2_CH4 Pin=M1-97
Removed Pin From Net: NetName=PB10_TIM2_CH3 Pin=M1-99
Added Pin To Net: NetName=PB13_UART5_TX Pin=M1-52
Added Pin To Net: NetName=PB14_TIM12_CH1 Pin=M1-54
Added Pin To Net: NetName=PB15_TIM12_CH2 Pin=M1-56
Added Pin To Net: NetName=PA12_UART4_TX Pin=M1-84
Added Pin To Net: NetName=PA11_UART4_RX Pin=M1-86
Added Pin To Net: NetName=PA10_UART1_RX Pin=M1-88
Added Pin To Net: NetName=PA9_UART1_TX Pin=M1-90
Added Pin To Net: NetName=PC7_UART6_RX Pin=M1-92
Added Pin To Net: NetName=PC6_UART6_TX Pin=M1-94
Added Pin To Net: NetName=PB11_TIM2_CH4 Pin=M1-98
Added Pin To Net: NetName=PB10_TIM2_CH3 Pin=M1-100
Added Room: Name=CommonBoard_FK_H743
Added Room: Name=CommonBoard_FK_H743_out
