Added Component: Designator=BAT1(CR1220-A)
Add component. Clean all parameters for all variants
Added Component: Designator=C1(0603_C)
Add component. Clean all parameters for all variants
Add component (AddParameter): Name = "ComponentLink1Description"; Value = "供应商链接"; VariantName = "[No Variations]"
Add component (AddParameter): Name = "ComponentLink1URL"; Value = "http://www.szlcsc.com/product/details_15331.html"; VariantName = "[No Variations]"
Add component (AddParameter): Name = "Notepad"; Value = ""; VariantName = "[No Variations]"
Add component (AddParameter): Name = "Package"; Value = "0603"; VariantName = "[No Variations]"
Add component (AddParameter): Name = "Supplier"; Value = "LC"; VariantName = "[No Variations]"
Add component (AddParameter): Name = "SuppliersPartNumber"; Value = "C14663"; VariantName = "[No Variations]"
Added Component: Designator=C2(0603_C)
Add component. Clean all parameters for all variants
Add component (AddParameter): Name = "ComponentLink1Description"; Value = "供应商链接"; VariantName = "[No Variations]"
Add component (AddParameter): Name = "ComponentLink1URL"; Value = "http://www.szlcsc.com/product/details_20411.html"; VariantName = "[No Variations]"
Add component (AddParameter): Name = "Notepad"; Value = ""; VariantName = "[No Variations]"
Add component (AddParameter): Name = "Package"; Value = "0603"; VariantName = "[No Variations]"
Add component (AddParameter): Name = "Supplier"; Value = "LC"; VariantName = "[No Variations]"
Add component (AddParameter): Name = "SuppliersPartNumber"; Value = "C19702"; VariantName = "[No Variations]"
Added Component: Designator=C3(0603_C)
Add component. Clean all parameters for all variants
Add component (AddParameter): Name = "ComponentLink1Description"; Value = "供应商链接"; VariantName = "[No Variations]"
Add component (AddParameter): Name = "ComponentLink1URL"; Value = "http://www.szlcsc.com/product/details_60514.html"; VariantName = "[No Variations]"
Add component (AddParameter): Name = "Notepad"; Value = ""; VariantName = "[No Variations]"
Add component (AddParameter): Name = "Package"; Value = "0603"; VariantName = "[No Variations]"
Add component (AddParameter): Name = "Supplier"; Value = "LC"; VariantName = "[No Variations]"
Add component (AddParameter): Name = "SuppliersPartNumber"; Value = "C59461"; VariantName = "[No Variations]"
Added Component: Designator=C4(0603_C)
Add component. Clean all parameters for all variants
Add component (AddParameter): Name = "ComponentLink1Description"; Value = "供应商链接"; VariantName = "[No Variations]"
Add component (AddParameter): Name = "ComponentLink1URL"; Value = "http://www.szlcsc.com/product/details_15331.html"; VariantName = "[No Variations]"
Add component (AddParameter): Name = "Notepad"; Value = ""; VariantName = "[No Variations]"
Add component (AddParameter): Name = "Package"; Value = "0603"; VariantName = "[No Variations]"
Add component (AddParameter): Name = "Supplier"; Value = "LC"; VariantName = "[No Variations]"
Add component (AddParameter): Name = "SuppliersPartNumber"; Value = "C14663"; VariantName = "[No Variations]"
Added Component: Designator=C5(0603_C)
Add component. Clean all parameters for all variants
Add component (AddParameter): Name = "ComponentLink1Description"; Value = "供应商链接"; VariantName = "[No Variations]"
Add component (AddParameter): Name = "ComponentLink1URL"; Value = "http://www.szlcsc.com/product/details_16531.html"; VariantName = "[No Variations]"
Add component (AddParameter): Name = "Notepad"; Value = ""; VariantName = "[No Variations]"
Add component (AddParameter): Name = "Package"; Value = "0603"; VariantName = "[No Variations]"
Add component (AddParameter): Name = "Supplier"; Value = "LC"; VariantName = "[No Variations]"
Add component (AddParameter): Name = "SuppliersPartNumber"; Value = "C15849"; VariantName = "[No Variations]"
Added Component: Designator=D1(SOT-23(SOT-23-3))
Add component. Clean all parameters for all variants
Add component (AddParameter): Name = "ComponentLink1Description"; Value = "供应商链接"; VariantName = "[No Variations]"
Add component (AddParameter): Name = "ComponentLink1URL"; Value = "http://www.szlcsc.com/product/details_70091.html"; VariantName = "[No Variations]"
Add component (AddParameter): Name = "Notepad"; Value = ""; VariantName = "[No Variations]"
Add component (AddParameter): Name = "Package"; Value = "SOT-23"; VariantName = "[No Variations]"
Add component (AddParameter): Name = "Supplier"; Value = "LC"; VariantName = "[No Variations]"
Add component (AddParameter): Name = "SuppliersPartNumber"; Value = "C68978"; VariantName = "[No Variations]"
Added Component: Designator=DE1(DEBUG_B)
Add component. Clean all parameters for all variants
Add component (AddParameter): Name = "BOM名称"; Value = "调试断点焊盘"; VariantName = "[No Variations]"
Add component (AddParameter): Name = "学习资源"; Value = "www.ooocke.com"; VariantName = "[No Variations]"
Add component (AddParameter): Name = "版权归属"; Value = "源创客"; VariantName = "[No Variations]"
Added Component: Designator=EC1(DIP-EC1.5X4X8)
Add component. Clean all parameters for all variants
Added Component: Designator=EC2(DIP-EC1.5X4X8)
Add component. Clean all parameters for all variants
Added Component: Designator=EC3(DIP-EC1.5X4X8)
Add component. Clean all parameters for all variants
Added Component: Designator=EC4(DIP-EC1.5X4X8)
Add component. Clean all parameters for all variants
Added Component: Designator=JP1(HDR2.54-M-LI-8P)
Add component. Clean all parameters for all variants
Add component (AddParameter): Name = "BOM名称"; Value = "8P接插件"; VariantName = "[No Variations]"
Add component (AddParameter): Name = "学习资源"; Value = "www.ooocke.com"; VariantName = "[No Variations]"
Add component (AddParameter): Name = "版权归属"; Value = "源创客"; VariantName = "[No Variations]"
Added Component: Designator=JP2(KF350-2P)
Add component. Clean all parameters for all variants
Add component (AddParameter): Name = "BOM名称"; Value = "2P接插件"; VariantName = "[No Variations]"
Add component (AddParameter): Name = "学习资源"; Value = "www.ooocke.com"; VariantName = "[No Variations]"
Add component (AddParameter): Name = "版权归属"; Value = "源创客"; VariantName = "[No Variations]"
Added Component: Designator=JP3(KF128-3.81-2P)
Add component. Clean all parameters for all variants
Add component (AddParameter): Name = "BOM名称"; Value = "2P接插件"; VariantName = "[No Variations]"
Add component (AddParameter): Name = "学习资源"; Value = "www.ooocke.com"; VariantName = "[No Variations]"
Add component (AddParameter): Name = "版权归属"; Value = "源创客"; VariantName = "[No Variations]"
Added Component: Designator=JP4(KF7620-2P)
Add component. Clean all parameters for all variants
Add component (AddParameter): Name = "BOM名称"; Value = "2P接插件"; VariantName = "[No Variations]"
Add component (AddParameter): Name = "学习资源"; Value = "www.ooocke.com"; VariantName = "[No Variations]"
Add component (AddParameter): Name = "版权归属"; Value = "源创客"; VariantName = "[No Variations]"
Added Component: Designator=JP5(KF7620-2P)
Add component. Clean all parameters for all variants
Add component (AddParameter): Name = "BOM名称"; Value = "2P接插件"; VariantName = "[No Variations]"
Add component (AddParameter): Name = "学习资源"; Value = "www.ooocke.com"; VariantName = "[No Variations]"
Add component (AddParameter): Name = "版权归属"; Value = "源创客"; VariantName = "[No Variations]"
Added Component: Designator=JP6(KF350-4P)
Add component. Clean all parameters for all variants
Add component (AddParameter): Name = "BOM名称"; Value = "4P接插件"; VariantName = "[No Variations]"
Add component (AddParameter): Name = "学习资源"; Value = "www.ooocke.com"; VariantName = "[No Variations]"
Add component (AddParameter): Name = "版权归属"; Value = "源创客"; VariantName = "[No Variations]"
Added Component: Designator=JP7(HDR2.54-LI-10P)
Add component. Clean all parameters for all variants
Add component (AddParameter): Name = "BOM名称"; Value = "10P接插件"; VariantName = "[No Variations]"
Add component (AddParameter): Name = "学习资源"; Value = "www.ooocke.com"; VariantName = "[No Variations]"
Add component (AddParameter): Name = "版权归属"; Value = "源创客"; VariantName = "[No Variations]"
Added Component: Designator=L1(OLED-12864)
Add component. Clean all parameters for all variants
Added Component: Designator=M1(M3 140X350)
Add component. Clean all parameters for all variants
Add component (AddParameter): Name = "BOM名称"; Value = "铜柱孔"; VariantName = "[No Variations]"
Add component (AddParameter): Name = "学习资源"; Value = "www.ooocke.com"; VariantName = "[No Variations]"
Add component (AddParameter): Name = "版权归属"; Value = "源创客"; VariantName = "[No Variations]"
Added Component: Designator=M2(M3 140X350)
Add component. Clean all parameters for all variants
Add component (AddParameter): Name = "BOM名称"; Value = "铜柱孔"; VariantName = "[No Variations]"
Add component (AddParameter): Name = "学习资源"; Value = "www.ooocke.com"; VariantName = "[No Variations]"
Add component (AddParameter): Name = "版权归属"; Value = "源创客"; VariantName = "[No Variations]"
Added Component: Designator=M3(M3 140X350)
Add component. Clean all parameters for all variants
Add component (AddParameter): Name = "BOM名称"; Value = "铜柱孔"; VariantName = "[No Variations]"
Add component (AddParameter): Name = "学习资源"; Value = "www.ooocke.com"; VariantName = "[No Variations]"
Add component (AddParameter): Name = "版权归属"; Value = "源创客"; VariantName = "[No Variations]"
Added Component: Designator=M4(M3 140X350)
Add component. Clean all parameters for all variants
Add component (AddParameter): Name = "BOM名称"; Value = "铜柱孔"; VariantName = "[No Variations]"
Add component (AddParameter): Name = "学习资源"; Value = "www.ooocke.com"; VariantName = "[No Variations]"
Add component (AddParameter): Name = "版权归属"; Value = "源创客"; VariantName = "[No Variations]"
Added Component: Designator=TP1(TEST 1)
Add component. Clean all parameters for all variants
Add component (AddParameter): Name = "BOM名称"; Value = "测试点"; VariantName = "[No Variations]"
Add component (AddParameter): Name = "学习资源"; Value = "www.ooocke.com"; VariantName = "[No Variations]"
Add component (AddParameter): Name = "版权归属"; Value = "源创客"; VariantName = "[No Variations]"
Added Component: Designator=U*(STM32F407MiniBoard)
Add component. Clean all parameters for all variants
Added Component: Designator=USB1(USB-MINI-A)
Add component. Clean all parameters for all variants
Added Component: Designator=VR1(SOT-223)
Add component. Clean all parameters for all variants
Add component (AddParameter): Name = "ComponentLink1Description"; Value = "供应商链接"; VariantName = "[No Variations]"
Add component (AddParameter): Name = "ComponentLink1URL"; Value = "http://www.szlcsc.com/product/details_6652.html"; VariantName = "[No Variations]"
Add component (AddParameter): Name = "Notepad"; Value = ""; VariantName = "[No Variations]"
Add component (AddParameter): Name = "Package"; Value = "SOT-223"; VariantName = "[No Variations]"
Add component (AddParameter): Name = "Supplier"; Value = "LC"; VariantName = "[No Variations]"
Add component (AddParameter): Name = "SuppliersPartNumber"; Value = "C6186"; VariantName = "[No Variations]"
Added Pin To Net: NetName=+5 Pin=C1-2
Added Pin To Net: NetName=+5 Pin=C2-2
Added Pin To Net: NetName=+5 Pin=JP5-2
Added Pin To Net: NetName=+5 Pin=JP6-1
Added Pin To Net: NetName=+5 Pin=U*-48
Added Pin To Net: NetName=+5 Pin=U*-50
Added Pin To Net: NetName=+5 Pin=USB1-1
Added Pin To Net: NetName=+5 Pin=VR1-3
Added Net: Name=+5
Added Pin To Net: NetName=+12V Pin=EC1-1
Added Pin To Net: NetName=+12V Pin=EC2-1
Added Pin To Net: NetName=+12V Pin=EC3-1
Added Pin To Net: NetName=+12V Pin=EC4-1
Added Pin To Net: NetName=+12V Pin=JP3-1
Added Pin To Net: NetName=+12V Pin=JP4-2
Added Net: Name=+12V
Added Pin To Net: NetName=3V3STM32 Pin=C5-2
Added Pin To Net: NetName=3V3STM32 Pin=D1-1
Added Pin To Net: NetName=3V3STM32 Pin=DE1-1
Added Pin To Net: NetName=3V3STM32 Pin=U*-73
Added Pin To Net: NetName=3V3STM32 Pin=U*-74
Added Pin To Net: NetName=3V3STM32 Pin=U*-75
Added Net: Name=3V3STM32
Added Pin To Net: NetName=3V3 Pin=C3-2
Added Pin To Net: NetName=3V3 Pin=C4-2
Added Pin To Net: NetName=3V3 Pin=JP7-1
Added Pin To Net: NetName=3V3 Pin=L1-2
Added Pin To Net: NetName=3V3 Pin=TP1-1
Added Pin To Net: NetName=3V3 Pin=VR1-2
Added Pin To Net: NetName=3V3 Pin=VR1-2
Added Net: Name=3V3
Added Pin To Net: NetName=GND Pin=BAT1-2
Added Pin To Net: NetName=GND Pin=C1-1
Added Pin To Net: NetName=GND Pin=C2-1
Added Pin To Net: NetName=GND Pin=C3-1
Added Pin To Net: NetName=GND Pin=C4-1
Added Pin To Net: NetName=GND Pin=C5-1
Added Pin To Net: NetName=GND Pin=EC1-2
Added Pin To Net: NetName=GND Pin=EC2-2
Added Pin To Net: NetName=GND Pin=EC3-2
Added Pin To Net: NetName=GND Pin=EC4-2
Added Pin To Net: NetName=GND Pin=JP3-2
Added Pin To Net: NetName=GND Pin=JP4-1
Added Pin To Net: NetName=GND Pin=JP5-1
Added Pin To Net: NetName=GND Pin=JP6-4
Added Pin To Net: NetName=GND Pin=JP7-2
Added Pin To Net: NetName=GND Pin=L1-1
Added Pin To Net: NetName=GND Pin=U*-47
Added Pin To Net: NetName=GND Pin=U*-49
Added Pin To Net: NetName=GND Pin=U*-76
Added Pin To Net: NetName=GND Pin=USB1-5
Added Pin To Net: NetName=GND Pin=VR1-1
Added Net: Name=GND
Added Pin To Net: NetName=KEY_C1 Pin=JP1-5
Added Net: Name=KEY_C1
Added Pin To Net: NetName=KEY_C2 Pin=JP1-6
Added Net: Name=KEY_C2
Added Pin To Net: NetName=KEY_C3 Pin=JP1-7
Added Net: Name=KEY_C3
Added Pin To Net: NetName=KEY_C4 Pin=JP1-8
Added Net: Name=KEY_C4
Added Pin To Net: NetName=KEY_R1 Pin=JP1-1
Added Net: Name=KEY_R1
Added Pin To Net: NetName=KEY_R2 Pin=JP1-2
Added Net: Name=KEY_R2
Added Pin To Net: NetName=KEY_R3 Pin=JP1-3
Added Net: Name=KEY_R3
Added Pin To Net: NetName=KEY_R4 Pin=JP1-4
Added Net: Name=KEY_R4
Added Pin To Net: NetName=NetBAT1_1 Pin=BAT1-1
Added Pin To Net: NetName=NetBAT1_1 Pin=D1-2
Added Net: Name=NetBAT1_1
Added Pin To Net: NetName=NetJP2_1 Pin=JP2-1
Added Pin To Net: NetName=NetJP2_1 Pin=U*-58
Added Net: Name=NetJP2_1
Added Pin To Net: NetName=NetJP2_2 Pin=JP2-2
Added Pin To Net: NetName=NetJP2_2 Pin=U*-1
Added Net: Name=NetJP2_2
Added Pin To Net: NetName=NetJP6_2 Pin=JP6-2
Added Pin To Net: NetName=NetJP6_2 Pin=U*-18
Added Net: Name=NetJP6_2
Added Pin To Net: NetName=NetJP6_3 Pin=JP6-3
Added Pin To Net: NetName=NetJP6_3 Pin=U*-69
Added Net: Name=NetJP6_3
Added Pin To Net: NetName=NetJP7_3 Pin=JP7-3
Added Pin To Net: NetName=NetJP7_3 Pin=U*-99
Added Net: Name=NetJP7_3
Added Pin To Net: NetName=NetJP7_4 Pin=JP7-4
Added Pin To Net: NetName=NetJP7_4 Pin=U*-52
Added Net: Name=NetJP7_4
Added Pin To Net: NetName=NetJP7_5 Pin=JP7-5
Added Net: Name=NetJP7_5
Added Pin To Net: NetName=NetJP7_6 Pin=JP7-6
Added Net: Name=NetJP7_6
Added Pin To Net: NetName=NetJP7_7 Pin=JP7-7
Added Net: Name=NetJP7_7
Added Pin To Net: NetName=NetJP7_8 Pin=JP7-8
Added Net: Name=NetJP7_8
Added Pin To Net: NetName=NetJP7_9 Pin=JP7-9
Added Net: Name=NetJP7_9
Added Pin To Net: NetName=NetJP7_10 Pin=JP7-10
Added Net: Name=NetJP7_10
Added Pin To Net: NetName=NetU*_2 Pin=U*-2
Added Net: Name=NetU*_2
Added Pin To Net: NetName=NetU*_19 Pin=U*-19
Added Net: Name=NetU*_19
Added Pin To Net: NetName=NetU*_23 Pin=U*-23
Added Net: Name=NetU*_23
Added Pin To Net: NetName=NetU*_32 Pin=U*-32
Added Net: Name=NetU*_32
Added Pin To Net: NetName=NetU*_62 Pin=U*-62
Added Net: Name=NetU*_62
Added Pin To Net: NetName=NetU*_71 Pin=U*-71
Added Net: Name=NetU*_71
Added Pin To Net: NetName=NetU*_89 Pin=U*-89
Added Net: Name=NetU*_89
Added Pin To Net: NetName=OLED_CS Pin=L1-7
Added Net: Name=OLED_CS
Added Pin To Net: NetName=OLED_D0 Pin=L1-3
Added Net: Name=OLED_D0
Added Pin To Net: NetName=OLED_D1 Pin=L1-4
Added Net: Name=OLED_D1
Added Pin To Net: NetName=OLED_DC Pin=L1-6
Added Net: Name=OLED_DC
Added Pin To Net: NetName=OLED_RES Pin=L1-5
Added Net: Name=OLED_RES
Added Pin To Net: NetName=VBAT Pin=D1-3
Added Pin To Net: NetName=VBAT Pin=DE1-2
Added Pin To Net: NetName=VBAT Pin=U*-46
Added Net: Name=VBAT
Added Class: Name=Designator
Added Class: Name=General
Added Room: Name=Designator
Added Room: Name=Designator
Added Room: Name=Designator
Added Room: Name=Designator
Added Room: Name=Designator
Added Room: Name=General
