Added Component: Designator=C1(C 0603_L)
Add component. Clean all parameters for all variants
Add component (AddParameter): Name = "BOM名称"; Value = "无极性贴片电容"; VariantName = "[No Variations]"
Add component (AddParameter): Name = "学习资源"; Value = "www.ooocke.com"; VariantName = "[No Variations]"
Add component (AddParameter): Name = "版权归属"; Value = "源创客"; VariantName = "[No Variations]"
Added Component: Designator=C2(C 0603_L)
Add component. Clean all parameters for all variants
Add component (AddParameter): Name = "BOM名称"; Value = "无极性贴片电容"; VariantName = "[No Variations]"
Add component (AddParameter): Name = "学习资源"; Value = "www.ooocke.com"; VariantName = "[No Variations]"
Add component (AddParameter): Name = "版权归属"; Value = "源创客"; VariantName = "[No Variations]"
Added Component: Designator=C3(C 0603_L)
Add component. Clean all parameters for all variants
Add component (AddParameter): Name = "BOM名称"; Value = "无极性贴片电容"; VariantName = "[No Variations]"
Add component (AddParameter): Name = "学习资源"; Value = "www.ooocke.com"; VariantName = "[No Variations]"
Add component (AddParameter): Name = "版权归属"; Value = "源创客"; VariantName = "[No Variations]"
Added Component: Designator=C4(C 0603_L)
Add component. Clean all parameters for all variants
Add component (AddParameter): Name = "BOM名称"; Value = "无极性贴片电容"; VariantName = "[No Variations]"
Add component (AddParameter): Name = "学习资源"; Value = "www.ooocke.com"; VariantName = "[No Variations]"
Add component (AddParameter): Name = "版权归属"; Value = "源创客"; VariantName = "[No Variations]"
Added Component: Designator=C5(C 0603_L)
Add component. Clean all parameters for all variants
Add component (AddParameter): Name = "BOM名称"; Value = "无极性贴片电容"; VariantName = "[No Variations]"
Add component (AddParameter): Name = "学习资源"; Value = "www.ooocke.com"; VariantName = "[No Variations]"
Add component (AddParameter): Name = "版权归属"; Value = "源创客"; VariantName = "[No Variations]"
Added Component: Designator=C6(C 0603_L)
Add component. Clean all parameters for all variants
Add component (AddParameter): Name = "BOM名称"; Value = "无极性贴片电容"; VariantName = "[No Variations]"
Add component (AddParameter): Name = "学习资源"; Value = "www.ooocke.com"; VariantName = "[No Variations]"
Add component (AddParameter): Name = "版权归属"; Value = "源创客"; VariantName = "[No Variations]"
Added Component: Designator=C7(C 0603_L)
Add component. Clean all parameters for all variants
Add component (AddParameter): Name = "BOM名称"; Value = "无极性贴片电容"; VariantName = "[No Variations]"
Add component (AddParameter): Name = "学习资源"; Value = "www.ooocke.com"; VariantName = "[No Variations]"
Add component (AddParameter): Name = "版权归属"; Value = "源创客"; VariantName = "[No Variations]"
Added Component: Designator=C8(C 0603_L)
Add component. Clean all parameters for all variants
Add component (AddParameter): Name = "BOM名称"; Value = "无极性贴片电容"; VariantName = "[No Variations]"
Add component (AddParameter): Name = "学习资源"; Value = "www.ooocke.com"; VariantName = "[No Variations]"
Add component (AddParameter): Name = "版权归属"; Value = "源创客"; VariantName = "[No Variations]"
Added Component: Designator=C9(C 0603_L)
Add component. Clean all parameters for all variants
Add component (AddParameter): Name = "BOM名称"; Value = "无极性贴片电容"; VariantName = "[No Variations]"
Add component (AddParameter): Name = "学习资源"; Value = "www.ooocke.com"; VariantName = "[No Variations]"
Add component (AddParameter): Name = "版权归属"; Value = "源创客"; VariantName = "[No Variations]"
Added Component: Designator=C10(C 0603_L)
Add component. Clean all parameters for all variants
Add component (AddParameter): Name = "BOM名称"; Value = "无极性贴片电容"; VariantName = "[No Variations]"
Add component (AddParameter): Name = "学习资源"; Value = "www.ooocke.com"; VariantName = "[No Variations]"
Add component (AddParameter): Name = "版权归属"; Value = "源创客"; VariantName = "[No Variations]"
Added Component: Designator=C11(C 0603_L)
Add component. Clean all parameters for all variants
Add component (AddParameter): Name = "BOM名称"; Value = "无极性贴片电容"; VariantName = "[No Variations]"
Add component (AddParameter): Name = "学习资源"; Value = "www.ooocke.com"; VariantName = "[No Variations]"
Add component (AddParameter): Name = "版权归属"; Value = "源创客"; VariantName = "[No Variations]"
Added Component: Designator=C12(C 0603_L)
Add component. Clean all parameters for all variants
Add component (AddParameter): Name = "BOM名称"; Value = "无极性贴片电容"; VariantName = "[No Variations]"
Add component (AddParameter): Name = "学习资源"; Value = "www.ooocke.com"; VariantName = "[No Variations]"
Add component (AddParameter): Name = "版权归属"; Value = "源创客"; VariantName = "[No Variations]"
Added Component: Designator=C13(C 0603_L)
Add component. Clean all parameters for all variants
Add component (AddParameter): Name = "BOM名称"; Value = "无极性贴片电容"; VariantName = "[No Variations]"
Add component (AddParameter): Name = "学习资源"; Value = "www.ooocke.com"; VariantName = "[No Variations]"
Add component (AddParameter): Name = "版权归属"; Value = "源创客"; VariantName = "[No Variations]"
Added Component: Designator=C14(C 0201_L)
Add component. Clean all parameters for all variants
Add component (AddParameter): Name = "BOM名称"; Value = "无极性贴片电容"; VariantName = "[No Variations]"
Add component (AddParameter): Name = "学习资源"; Value = "www.ooocke.com"; VariantName = "[No Variations]"
Add component (AddParameter): Name = "版权归属"; Value = "源创客"; VariantName = "[No Variations]"
Added Component: Designator=C15(C 0201_L)
Add component. Clean all parameters for all variants
Add component (AddParameter): Name = "BOM名称"; Value = "无极性贴片电容"; VariantName = "[No Variations]"
Add component (AddParameter): Name = "学习资源"; Value = "www.ooocke.com"; VariantName = "[No Variations]"
Add component (AddParameter): Name = "版权归属"; Value = "源创客"; VariantName = "[No Variations]"
Added Component: Designator=C16(C 0201_L)
Add component. Clean all parameters for all variants
Add component (AddParameter): Name = "BOM名称"; Value = "无极性贴片电容"; VariantName = "[No Variations]"
Add component (AddParameter): Name = "学习资源"; Value = "www.ooocke.com"; VariantName = "[No Variations]"
Add component (AddParameter): Name = "版权归属"; Value = "源创客"; VariantName = "[No Variations]"
Added Component: Designator=C17(C 0201_L)
Add component. Clean all parameters for all variants
Add component (AddParameter): Name = "BOM名称"; Value = "无极性贴片电容"; VariantName = "[No Variations]"
Add component (AddParameter): Name = "学习资源"; Value = "www.ooocke.com"; VariantName = "[No Variations]"
Add component (AddParameter): Name = "版权归属"; Value = "源创客"; VariantName = "[No Variations]"
Added Component: Designator=C18(C 0201_L)
Add component. Clean all parameters for all variants
Add component (AddParameter): Name = "BOM名称"; Value = "无极性贴片电容"; VariantName = "[No Variations]"
Add component (AddParameter): Name = "学习资源"; Value = "www.ooocke.com"; VariantName = "[No Variations]"
Add component (AddParameter): Name = "版权归属"; Value = "源创客"; VariantName = "[No Variations]"
Added Component: Designator=C19(C 0201_L)
Add component. Clean all parameters for all variants
Add component (AddParameter): Name = "BOM名称"; Value = "无极性贴片电容"; VariantName = "[No Variations]"
Add component (AddParameter): Name = "学习资源"; Value = "www.ooocke.com"; VariantName = "[No Variations]"
Add component (AddParameter): Name = "版权归属"; Value = "源创客"; VariantName = "[No Variations]"
Added Component: Designator=D1(SOT-23(SOT-23-3))
Add component. Clean all parameters for all variants
Add component (AddParameter): Name = "ComponentLink1Description"; Value = "供应商链接"; VariantName = "[No Variations]"
Add component (AddParameter): Name = "ComponentLink1URL"; Value = "http://www.szlcsc.com/product/details_70091.html"; VariantName = "[No Variations]"
Add component (AddParameter): Name = "Notepad"; Value = ""; VariantName = "[No Variations]"
Add component (AddParameter): Name = "Package"; Value = "SOT-23"; VariantName = "[No Variations]"
Add component (AddParameter): Name = "Supplier"; Value = "LC"; VariantName = "[No Variations]"
Add component (AddParameter): Name = "SuppliersPartNumber"; Value = "C68978"; VariantName = "[No Variations]"
Added Component: Designator=DE1(DEBUG_A)
Add component. Clean all parameters for all variants
Add component (AddParameter): Name = "BOM名称"; Value = "调试断点焊盘"; VariantName = "[No Variations]"
Add component (AddParameter): Name = "学习资源"; Value = "www.ooocke.com"; VariantName = "[No Variations]"
Add component (AddParameter): Name = "版权归属"; Value = "源创客"; VariantName = "[No Variations]"
Added Component: Designator=DE2(DEBUG_A)
Add component. Clean all parameters for all variants
Add component (AddParameter): Name = "BOM名称"; Value = "调试断点焊盘"; VariantName = "[No Variations]"
Add component (AddParameter): Name = "学习资源"; Value = "www.ooocke.com"; VariantName = "[No Variations]"
Add component (AddParameter): Name = "版权归属"; Value = "源创客"; VariantName = "[No Variations]"
Added Component: Designator=E1(CD A(3216))
Add component. Clean all parameters for all variants
Add component (AddParameter): Name = "BOM名称"; Value = "贴片钽电容"; VariantName = "[No Variations]"
Add component (AddParameter): Name = "学习资源"; Value = "www.ooocke.com"; VariantName = "[No Variations]"
Add component (AddParameter): Name = "版权归属"; Value = "源创客"; VariantName = "[No Variations]"
Added Component: Designator=E2(CD A(3216))
Add component. Clean all parameters for all variants
Add component (AddParameter): Name = "BOM名称"; Value = "贴片钽电容"; VariantName = "[No Variations]"
Add component (AddParameter): Name = "学习资源"; Value = "www.ooocke.com"; VariantName = "[No Variations]"
Add component (AddParameter): Name = "版权归属"; Value = "源创客"; VariantName = "[No Variations]"
Added Component: Designator=J1(FPC0.5-32P)
Add component. Clean all parameters for all variants
Added Component: Designator=JP1(HDR2.54-LI-2x4P)
Add component. Clean all parameters for all variants
Add component (AddParameter): Name = "BOM名称"; Value = "4*2P接插件"; VariantName = "[No Variations]"
Add component (AddParameter): Name = "学习资源"; Value = "www.ooocke.com"; VariantName = "[No Variations]"
Add component (AddParameter): Name = "版权归属"; Value = "源创客"; VariantName = "[No Variations]"
Added Component: Designator=JP2(HDR2.54-LI-2x4P)
Add component. Clean all parameters for all variants
Add component (AddParameter): Name = "BOM名称"; Value = "4*2P接插件"; VariantName = "[No Variations]"
Add component (AddParameter): Name = "学习资源"; Value = "www.ooocke.com"; VariantName = "[No Variations]"
Add component (AddParameter): Name = "版权归属"; Value = "源创客"; VariantName = "[No Variations]"
Added Component: Designator=JP3(HDR2.54-LI-2x4P)
Add component. Clean all parameters for all variants
Add component (AddParameter): Name = "BOM名称"; Value = "4*2P接插件"; VariantName = "[No Variations]"
Add component (AddParameter): Name = "学习资源"; Value = "www.ooocke.com"; VariantName = "[No Variations]"
Add component (AddParameter): Name = "版权归属"; Value = "源创客"; VariantName = "[No Variations]"
Added Component: Designator=JP4(HDR2.54-LI-2x4P)
Add component. Clean all parameters for all variants
Add component (AddParameter): Name = "BOM名称"; Value = "4*2P接插件"; VariantName = "[No Variations]"
Add component (AddParameter): Name = "学习资源"; Value = "www.ooocke.com"; VariantName = "[No Variations]"
Add component (AddParameter): Name = "版权归属"; Value = "源创客"; VariantName = "[No Variations]"
Added Component: Designator=JP5(HDR2.54-LI-2x4P)
Add component. Clean all parameters for all variants
Add component (AddParameter): Name = "BOM名称"; Value = "4*2P接插件"; VariantName = "[No Variations]"
Add component (AddParameter): Name = "学习资源"; Value = "www.ooocke.com"; VariantName = "[No Variations]"
Add component (AddParameter): Name = "版权归属"; Value = "源创客"; VariantName = "[No Variations]"
Added Component: Designator=JP6(HDR2.54-LI-4P)
Add component. Clean all parameters for all variants
Add component (AddParameter): Name = "BOM名称"; Value = "4P接插件"; VariantName = "[No Variations]"
Add component (AddParameter): Name = "学习资源"; Value = "www.ooocke.com"; VariantName = "[No Variations]"
Add component (AddParameter): Name = "版权归属"; Value = "源创客"; VariantName = "[No Variations]"
Added Component: Designator=JP7(KF128-3.81-2P)
Add component. Clean all parameters for all variants
Add component (AddParameter): Name = "BOM名称"; Value = "2P接插件"; VariantName = "[No Variations]"
Add component (AddParameter): Name = "学习资源"; Value = "www.ooocke.com"; VariantName = "[No Variations]"
Add component (AddParameter): Name = "版权归属"; Value = "源创客"; VariantName = "[No Variations]"
Added Component: Designator=JP8(HDR2.54-LI-2P)
Add component. Clean all parameters for all variants
Add component (AddParameter): Name = "BOM名称"; Value = "2P接插件"; VariantName = "[No Variations]"
Add component (AddParameter): Name = "学习资源"; Value = "www.ooocke.com"; VariantName = "[No Variations]"
Add component (AddParameter): Name = "版权归属"; Value = "源创客"; VariantName = "[No Variations]"
Added Component: Designator=JP9(HDR2.54-LI-4P)
Add component. Clean all parameters for all variants
Add component (AddParameter): Name = "BOM名称"; Value = "4P接插件"; VariantName = "[No Variations]"
Add component (AddParameter): Name = "学习资源"; Value = "www.ooocke.com"; VariantName = "[No Variations]"
Add component (AddParameter): Name = "版权归属"; Value = "源创客"; VariantName = "[No Variations]"
Added Component: Designator=JP10(KF350-2P)
Add component. Clean all parameters for all variants
Add component (AddParameter): Name = "BOM名称"; Value = "2P接插件"; VariantName = "[No Variations]"
Add component (AddParameter): Name = "学习资源"; Value = "www.ooocke.com"; VariantName = "[No Variations]"
Add component (AddParameter): Name = "版权归属"; Value = "源创客"; VariantName = "[No Variations]"
Added Component: Designator=JP11(HDR2.54-LI-4P)
Add component. Clean all parameters for all variants
Add component (AddParameter): Name = "BOM名称"; Value = "4P接插件"; VariantName = "[No Variations]"
Add component (AddParameter): Name = "学习资源"; Value = "www.ooocke.com"; VariantName = "[No Variations]"
Add component (AddParameter): Name = "版权归属"; Value = "源创客"; VariantName = "[No Variations]"
Added Component: Designator=JP12(HDR2.54-LI-4P)
Add component. Clean all parameters for all variants
Add component (AddParameter): Name = "BOM名称"; Value = "4P接插件"; VariantName = "[No Variations]"
Add component (AddParameter): Name = "学习资源"; Value = "www.ooocke.com"; VariantName = "[No Variations]"
Add component (AddParameter): Name = "版权归属"; Value = "源创客"; VariantName = "[No Variations]"
Added Component: Designator=JP13(HDR2.54-LI-4P)
Add component. Clean all parameters for all variants
Add component (AddParameter): Name = "BOM名称"; Value = "4P接插件"; VariantName = "[No Variations]"
Add component (AddParameter): Name = "学习资源"; Value = "www.ooocke.com"; VariantName = "[No Variations]"
Add component (AddParameter): Name = "版权归属"; Value = "源创客"; VariantName = "[No Variations]"
Added Component: Designator=JP14(HDR2.54-LI-12P)
Add component. Clean all parameters for all variants
Add component (AddParameter): Name = "BOM名称"; Value = "12P接插件"; VariantName = "[No Variations]"
Add component (AddParameter): Name = "学习资源"; Value = "www.ooocke.com"; VariantName = "[No Variations]"
Add component (AddParameter): Name = "版权归属"; Value = "源创客"; VariantName = "[No Variations]"
Added Component: Designator=JP15(HDR2.54-LI-12P)
Add component. Clean all parameters for all variants
Add component (AddParameter): Name = "BOM名称"; Value = "12P接插件"; VariantName = "[No Variations]"
Add component (AddParameter): Name = "学习资源"; Value = "www.ooocke.com"; VariantName = "[No Variations]"
Add component (AddParameter): Name = "版权归属"; Value = "源创客"; VariantName = "[No Variations]"
Added Component: Designator=JP16(HDR2.54-LI-4P)
Add component. Clean all parameters for all variants
Add component (AddParameter): Name = "BOM名称"; Value = "4P接插件"; VariantName = "[No Variations]"
Add component (AddParameter): Name = "学习资源"; Value = "www.ooocke.com"; VariantName = "[No Variations]"
Add component (AddParameter): Name = "版权归属"; Value = "源创客"; VariantName = "[No Variations]"
Added Component: Designator=JP17(HDR2.54-LI-4P)
Add component. Clean all parameters for all variants
Add component (AddParameter): Name = "BOM名称"; Value = "4P接插件"; VariantName = "[No Variations]"
Add component (AddParameter): Name = "学习资源"; Value = "www.ooocke.com"; VariantName = "[No Variations]"
Add component (AddParameter): Name = "版权归属"; Value = "源创客"; VariantName = "[No Variations]"
Added Component: Designator=JP18(KF128-3.81-2P)
Add component. Clean all parameters for all variants
Add component (AddParameter): Name = "BOM名称"; Value = "2P接插件"; VariantName = "[No Variations]"
Add component (AddParameter): Name = "学习资源"; Value = "www.ooocke.com"; VariantName = "[No Variations]"
Add component (AddParameter): Name = "版权归属"; Value = "源创客"; VariantName = "[No Variations]"
Added Component: Designator=JP19(HDR2.54-LI-2P)
Add component. Clean all parameters for all variants
Add component (AddParameter): Name = "BOM名称"; Value = "2P接插件"; VariantName = "[No Variations]"
Add component (AddParameter): Name = "学习资源"; Value = "www.ooocke.com"; VariantName = "[No Variations]"
Add component (AddParameter): Name = "版权归属"; Value = "源创客"; VariantName = "[No Variations]"
Added Component: Designator=LED1(LED 0603R)
Add component. Clean all parameters for all variants
Add component (AddParameter): Name = "BOM名称"; Value = "贴片LED"; VariantName = "[No Variations]"
Add component (AddParameter): Name = "学习资源"; Value = "www.ooocke.com"; VariantName = "[No Variations]"
Add component (AddParameter): Name = "版权归属"; Value = "源创客"; VariantName = "[No Variations]"
Added Component: Designator=LED2(LED 0603B)
Add component. Clean all parameters for all variants
Add component (AddParameter): Name = "BOM名称"; Value = "贴片LED"; VariantName = "[No Variations]"
Add component (AddParameter): Name = "学习资源"; Value = "www.ooocke.com"; VariantName = "[No Variations]"
Add component (AddParameter): Name = "版权归属"; Value = "源创客"; VariantName = "[No Variations]"
Added Component: Designator=LED3(LED 0603R)
Add component. Clean all parameters for all variants
Add component (AddParameter): Name = "BOM名称"; Value = "贴片LED"; VariantName = "[No Variations]"
Add component (AddParameter): Name = "学习资源"; Value = "www.ooocke.com"; VariantName = "[No Variations]"
Add component (AddParameter): Name = "版权归属"; Value = "源创客"; VariantName = "[No Variations]"
Added Component: Designator=LED4(LED 0603B)
Add component. Clean all parameters for all variants
Add component (AddParameter): Name = "BOM名称"; Value = "贴片LED"; VariantName = "[No Variations]"
Add component (AddParameter): Name = "学习资源"; Value = "www.ooocke.com"; VariantName = "[No Variations]"
Add component (AddParameter): Name = "版权归属"; Value = "源创客"; VariantName = "[No Variations]"
Added Component: Designator=R1(R 0603_L)
Add component. Clean all parameters for all variants
Add component (AddParameter): Name = "BOM名称"; Value = "贴片电阻"; VariantName = "[No Variations]"
Add component (AddParameter): Name = "学习资源"; Value = "www.ooocke.com"; VariantName = "[No Variations]"
Add component (AddParameter): Name = "版权归属"; Value = "源创客"; VariantName = "[No Variations]"
Added Component: Designator=R2(R 0603_L)
Add component. Clean all parameters for all variants
Add component (AddParameter): Name = "BOM名称"; Value = "贴片电阻"; VariantName = "[No Variations]"
Add component (AddParameter): Name = "学习资源"; Value = "www.ooocke.com"; VariantName = "[No Variations]"
Add component (AddParameter): Name = "版权归属"; Value = "源创客"; VariantName = "[No Variations]"
Added Component: Designator=R3(R 0603_L)
Add component. Clean all parameters for all variants
Add component (AddParameter): Name = "BOM名称"; Value = "贴片电阻"; VariantName = "[No Variations]"
Add component (AddParameter): Name = "学习资源"; Value = "www.ooocke.com"; VariantName = "[No Variations]"
Add component (AddParameter): Name = "版权归属"; Value = "源创客"; VariantName = "[No Variations]"
Added Component: Designator=R4(R 0603_L)
Add component. Clean all parameters for all variants
Add component (AddParameter): Name = "BOM名称"; Value = "贴片电阻"; VariantName = "[No Variations]"
Add component (AddParameter): Name = "学习资源"; Value = "www.ooocke.com"; VariantName = "[No Variations]"
Add component (AddParameter): Name = "版权归属"; Value = "源创客"; VariantName = "[No Variations]"
Added Component: Designator=R5(R 0603_L)
Add component. Clean all parameters for all variants
Add component (AddParameter): Name = "BOM名称"; Value = "贴片电阻"; VariantName = "[No Variations]"
Add component (AddParameter): Name = "学习资源"; Value = "www.ooocke.com"; VariantName = "[No Variations]"
Add component (AddParameter): Name = "版权归属"; Value = "源创客"; VariantName = "[No Variations]"
Added Component: Designator=R6(R 0603_L)
Add component. Clean all parameters for all variants
Add component (AddParameter): Name = "BOM名称"; Value = "贴片电阻"; VariantName = "[No Variations]"
Add component (AddParameter): Name = "学习资源"; Value = "www.ooocke.com"; VariantName = "[No Variations]"
Add component (AddParameter): Name = "版权归属"; Value = "源创客"; VariantName = "[No Variations]"
Added Component: Designator=R7(R 0603_L)
Add component. Clean all parameters for all variants
Add component (AddParameter): Name = "BOM名称"; Value = "贴片电阻"; VariantName = "[No Variations]"
Add component (AddParameter): Name = "学习资源"; Value = "www.ooocke.com"; VariantName = "[No Variations]"
Add component (AddParameter): Name = "版权归属"; Value = "源创客"; VariantName = "[No Variations]"
Added Component: Designator=R8(R 0603_L)
Add component. Clean all parameters for all variants
Add component (AddParameter): Name = "BOM名称"; Value = "贴片电阻"; VariantName = "[No Variations]"
Add component (AddParameter): Name = "学习资源"; Value = "www.ooocke.com"; VariantName = "[No Variations]"
Add component (AddParameter): Name = "版权归属"; Value = "源创客"; VariantName = "[No Variations]"
Added Component: Designator=R9(R 0603_L)
Add component. Clean all parameters for all variants
Add component (AddParameter): Name = "BOM名称"; Value = "贴片电阻"; VariantName = "[No Variations]"
Add component (AddParameter): Name = "学习资源"; Value = "www.ooocke.com"; VariantName = "[No Variations]"
Add component (AddParameter): Name = "版权归属"; Value = "源创客"; VariantName = "[No Variations]"
Added Component: Designator=R10(R 0603_L)
Add component. Clean all parameters for all variants
Add component (AddParameter): Name = "BOM名称"; Value = "贴片电阻"; VariantName = "[No Variations]"
Add component (AddParameter): Name = "学习资源"; Value = "www.ooocke.com"; VariantName = "[No Variations]"
Add component (AddParameter): Name = "版权归属"; Value = "源创客"; VariantName = "[No Variations]"
Added Component: Designator=R11(R 0603_L)
Add component. Clean all parameters for all variants
Add component (AddParameter): Name = "BOM名称"; Value = "贴片电阻"; VariantName = "[No Variations]"
Add component (AddParameter): Name = "学习资源"; Value = "www.ooocke.com"; VariantName = "[No Variations]"
Add component (AddParameter): Name = "版权归属"; Value = "源创客"; VariantName = "[No Variations]"
Added Component: Designator=R12(R 0603_L)
Add component. Clean all parameters for all variants
Add component (AddParameter): Name = "BOM名称"; Value = "贴片电阻"; VariantName = "[No Variations]"
Add component (AddParameter): Name = "学习资源"; Value = "www.ooocke.com"; VariantName = "[No Variations]"
Add component (AddParameter): Name = "版权归属"; Value = "源创客"; VariantName = "[No Variations]"
Added Component: Designator=R13(R 0603_L)
Add component. Clean all parameters for all variants
Add component (AddParameter): Name = "BOM名称"; Value = "贴片电阻"; VariantName = "[No Variations]"
Add component (AddParameter): Name = "学习资源"; Value = "www.ooocke.com"; VariantName = "[No Variations]"
Add component (AddParameter): Name = "版权归属"; Value = "源创客"; VariantName = "[No Variations]"
Added Component: Designator=R14(R 0603_L)
Add component. Clean all parameters for all variants
Add component (AddParameter): Name = "BOM名称"; Value = "贴片电阻"; VariantName = "[No Variations]"
Add component (AddParameter): Name = "学习资源"; Value = "www.ooocke.com"; VariantName = "[No Variations]"
Add component (AddParameter): Name = "版权归属"; Value = "源创客"; VariantName = "[No Variations]"
Added Component: Designator=R15(R 0603_L)
Add component. Clean all parameters for all variants
Add component (AddParameter): Name = "BOM名称"; Value = "贴片电阻"; VariantName = "[No Variations]"
Add component (AddParameter): Name = "学习资源"; Value = "www.ooocke.com"; VariantName = "[No Variations]"
Add component (AddParameter): Name = "版权归属"; Value = "源创客"; VariantName = "[No Variations]"
Added Component: Designator=SW1(CSW DIP-2P)
Add component. Clean all parameters for all variants
Add component (AddParameter): Name = "BOM名称"; Value = "2路编码开关"; VariantName = "[No Variations]"
Add component (AddParameter): Name = "学习资源"; Value = "www.ooocke.com"; VariantName = "[No Variations]"
Add component (AddParameter): Name = "版权归属"; Value = "源创客"; VariantName = "[No Variations]"
Added Component: Designator=SW2(TSW SMD-6*6*4.3)
Add component. Clean all parameters for all variants
Add component (AddParameter): Name = "BOM名称"; Value = "贴片6x6轻触开关"; VariantName = "[No Variations]"
Add component (AddParameter): Name = "学习资源"; Value = "www.ooocke.com"; VariantName = "[No Variations]"
Add component (AddParameter): Name = "版权归属"; Value = "源创客"; VariantName = "[No Variations]"
Added Component: Designator=U1(LQFP144 20X20_L)
Add component. Clean all parameters for all variants
Add component (AddParameter): Name = "BOM名称"; Value = "32位ST单片机"; VariantName = "[No Variations]"
Add component (AddParameter): Name = "学习资源"; Value = "www.ooocke.com"; VariantName = "[No Variations]"
Add component (AddParameter): Name = "版权归属"; Value = "源创客"; VariantName = "[No Variations]"
Added Component: Designator=V1(TO263-3B)
Add component. Clean all parameters for all variants
Added Component: Designator=X1(OSC 1612-4P)
Add component. Clean all parameters for all variants
Add component (AddParameter): Name = "BOM名称"; Value = "4脚无源晶振"; VariantName = "[No Variations]"
Add component (AddParameter): Name = "学习资源"; Value = "www.ooocke.com"; VariantName = "[No Variations]"
Add component (AddParameter): Name = "版权归属"; Value = "源创客"; VariantName = "[No Variations]"
Added Component: Designator=X2(OSC HC-49S)
Add component. Clean all parameters for all variants
Add component (AddParameter): Name = "BOM名称"; Value = "2脚无源脚晶振"; VariantName = "[No Variations]"
Add component (AddParameter): Name = "学习资源"; Value = "www.ooocke.com"; VariantName = "[No Variations]"
Add component (AddParameter): Name = "版权归属"; Value = "源创客"; VariantName = "[No Variations]"
Added Pin To Net: NetName=+5 Pin=C5-2
Added Pin To Net: NetName=+5 Pin=E2-1
Added Pin To Net: NetName=+5 Pin=J1-6
Added Pin To Net: NetName=+5 Pin=JP4-1
Added Pin To Net: NetName=+5 Pin=JP4-5
Added Pin To Net: NetName=+5 Pin=JP18-1
Added Pin To Net: NetName=+5 Pin=JP19-1
Added Pin To Net: NetName=+5 Pin=R14-1
Added Net: Name=+5
Added Pin To Net: NetName=BOOT0 Pin=SW1-3
Added Pin To Net: NetName=BOOT0 Pin=U1-138
Added Net: Name=BOOT0
Added Pin To Net: NetName=BOOT1 Pin=R4-2
Added Pin To Net: NetName=BOOT1 Pin=SW1-4
Added Pin To Net: NetName=BOOT1 Pin=U1-48
Added Net: Name=BOOT1
Added Pin To Net: NetName=LCD_BL Pin=J1-11
Added Pin To Net: NetName=LCD_BL Pin=U1-76
Added Net: Name=LCD_BL
Added Pin To Net: NetName=NetC7_1 Pin=C7-1
Added Pin To Net: NetName=NetC7_1 Pin=SW2-4
Added Net: Name=NetC7_1
Added Pin To Net: NetName=NetC7_2 Pin=C7-2
Added Pin To Net: NetName=NetC7_2 Pin=SW2-3
Added Net: Name=NetC7_2
Added Pin To Net: NetName=NetLED1_1 Pin=LED1-1
Added Pin To Net: NetName=NetLED1_1 Pin=R12-2
Added Net: Name=NetLED1_1
Added Pin To Net: NetName=NetLED2_1 Pin=LED2-1
Added Pin To Net: NetName=NetLED2_1 Pin=R13-2
Added Net: Name=NetLED2_1
Added Pin To Net: NetName=NetLED3_1 Pin=LED3-1
Added Pin To Net: NetName=NetLED3_1 Pin=R14-2
Added Net: Name=NetLED3_1
Added Pin To Net: NetName=NetLED4_1 Pin=LED4-1
Added Pin To Net: NetName=NetLED4_1 Pin=R15-2
Added Net: Name=NetLED4_1
Added Pin To Net: NetName=OSC32_IN Pin=C3-1
Added Pin To Net: NetName=OSC32_IN Pin=U1-8
Added Pin To Net: NetName=OSC32_IN Pin=X2-2
Added Net: Name=OSC32_IN
Added Pin To Net: NetName=OSC32_OUT Pin=C6-1
Added Pin To Net: NetName=OSC32_OUT Pin=U1-9
Added Pin To Net: NetName=OSC32_OUT Pin=X2-1
Added Net: Name=OSC32_OUT
Added Pin To Net: NetName=OSC_IN Pin=C1-1
Added Pin To Net: NetName=OSC_IN Pin=R1-1
Added Pin To Net: NetName=OSC_IN Pin=U1-23
Added Pin To Net: NetName=OSC_IN Pin=X1-3
Added Net: Name=OSC_IN
Added Pin To Net: NetName=OSC_OUT Pin=C2-1
Added Pin To Net: NetName=OSC_OUT Pin=R1-2
Added Pin To Net: NetName=OSC_OUT Pin=U1-24
Added Pin To Net: NetName=OSC_OUT Pin=X1-1
Added Net: Name=OSC_OUT
Added Pin To Net: NetName=PA0_TIM2CH1 Pin=JP3-1
Added Pin To Net: NetName=PA0_TIM2CH1 Pin=U1-34
Added Net: Name=PA0_TIM2CH1
Added Pin To Net: NetName=PA1_ADC1IN1 Pin=JP5-1
Added Pin To Net: NetName=PA1_ADC1IN1 Pin=U1-35
Added Net: Name=PA1_ADC1IN1
Added Pin To Net: NetName=PA2_USART2 Pin=JP16-2
Added Pin To Net: NetName=PA2_USART2 Pin=U1-36
Added Net: Name=PA2_USART2
Added Pin To Net: NetName=PA3_ADC1IN3 Pin=JP5-3
Added Pin To Net: NetName=PA3_ADC1IN3 Pin=U1-37
Added Net: Name=PA3_ADC1IN3
Added Pin To Net: NetName=PA4_DAC1 Pin=JP8-2
Added Pin To Net: NetName=PA4_DAC1 Pin=U1-40
Added Net: Name=PA4_DAC1
Added Pin To Net: NetName=PA5_DAC2 Pin=JP8-1
Added Pin To Net: NetName=PA5_DAC2 Pin=U1-41
Added Net: Name=PA5_DAC2
Added Pin To Net: NetName=PA6_ADC1IN6 Pin=JP5-5
Added Pin To Net: NetName=PA6_ADC1IN6 Pin=U1-42
Added Net: Name=PA6_ADC1IN6
Added Pin To Net: NetName=PA7_ADC1IN7 Pin=JP5-7
Added Pin To Net: NetName=PA7_ADC1IN7 Pin=U1-43
Added Net: Name=PA7_ADC1IN7
Added Pin To Net: NetName=PA8_TIM1CH1 Pin=JP2-1
Added Pin To Net: NetName=PA8_TIM1CH1 Pin=U1-100
Added Net: Name=PA8_TIM1CH1
Added Pin To Net: NetName=PA9_TIM1CH2 Pin=JP2-3
Added Pin To Net: NetName=PA9_TIM1CH2 Pin=U1-101
Added Net: Name=PA9_TIM1CH2
Added Pin To Net: NetName=PA10_TIM1CH3 Pin=JP2-5
Added Pin To Net: NetName=PA10_TIM1CH3 Pin=U1-102
Added Net: Name=PA10_TIM1CH3
Added Pin To Net: NetName=PA11_TIM1CH4 Pin=JP2-7
Added Pin To Net: NetName=PA11_TIM1CH4 Pin=U1-103
Added Net: Name=PA11_TIM1CH4
Added Pin To Net: NetName=PA12 Pin=JP14-1
Added Pin To Net: NetName=PA12 Pin=U1-104
Added Net: Name=PA12
Added Pin To Net: NetName=PA15_SPI3_NSS Pin=JP17-4
Added Pin To Net: NetName=PA15_SPI3_NSS Pin=U1-110
Added Net: Name=PA15_SPI3_NSS
Added Pin To Net: NetName=PB0_TIM3CH3 Pin=JP3-2
Added Pin To Net: NetName=PB0_TIM3CH3 Pin=R8-2
Added Pin To Net: NetName=PB0_TIM3CH3 Pin=U1-46
Added Net: Name=PB0_TIM3CH3
Added Pin To Net: NetName=PB1_TIM3CH4 Pin=JP3-4
Added Pin To Net: NetName=PB1_TIM3CH4 Pin=R6-2
Added Pin To Net: NetName=PB1_TIM3CH4 Pin=U1-47
Added Net: Name=PB1_TIM3CH4
Added Pin To Net: NetName=PB3_TIM2CH2 Pin=JP3-3
Added Pin To Net: NetName=PB3_TIM2CH2 Pin=U1-133
Added Net: Name=PB3_TIM2CH2
Added Pin To Net: NetName=PB4_TIM3_EN1 Pin=JP4-2
Added Pin To Net: NetName=PB4_TIM3_EN1 Pin=U1-134
Added Net: Name=PB4_TIM3_EN1
Added Pin To Net: NetName=PB5_TIM3_EN2 Pin=JP4-4
Added Pin To Net: NetName=PB5_TIM3_EN2 Pin=U1-135
Added Net: Name=PB5_TIM3_EN2
Added Pin To Net: NetName=PB6_USART1 Pin=JP13-3
Added Pin To Net: NetName=PB6_USART1 Pin=U1-136
Added Net: Name=PB6_USART1
Added Pin To Net: NetName=PB7_USART1 Pin=JP13-2
Added Pin To Net: NetName=PB7_USART1 Pin=U1-137
Added Net: Name=PB7_USART1
Added Pin To Net: NetName=PB8_TIM4CH3 Pin=JP3-6
Added Pin To Net: NetName=PB8_TIM4CH3 Pin=U1-139
Added Net: Name=PB8_TIM4CH3
Added Pin To Net: NetName=PB9_TIM4CH4 Pin=JP3-8
Added Pin To Net: NetName=PB9_TIM4CH4 Pin=U1-140
Added Net: Name=PB9_TIM4CH4
Added Pin To Net: NetName=PB10_TIM2CH3 Pin=JP3-5
Added Pin To Net: NetName=PB10_TIM2CH3 Pin=U1-69
Added Net: Name=PB10_TIM2CH3
Added Pin To Net: NetName=PB11_TIM2CH4 Pin=JP3-7
Added Pin To Net: NetName=PB11_TIM2CH4 Pin=U1-70
Added Net: Name=PB11_TIM2CH4
Added Pin To Net: NetName=PB12_CAN2_RX Pin=JP10-1
Added Pin To Net: NetName=PB12_CAN2_RX Pin=U1-73
Added Net: Name=PB12_CAN2_RX
Added Pin To Net: NetName=PB13_CAN2_TX Pin=JP10-2
Added Pin To Net: NetName=PB13_CAN2_TX Pin=U1-74
Added Net: Name=PB13_CAN2_TX
Added Pin To Net: NetName=PB14 Pin=JP14-2
Added Pin To Net: NetName=PB14 Pin=U1-75
Added Net: Name=PB14
Added Pin To Net: NetName=PC0_ADC2IN10 Pin=JP5-2
Added Pin To Net: NetName=PC0_ADC2IN10 Pin=U1-26
Added Net: Name=PC0_ADC2IN10
Added Pin To Net: NetName=PC1_ADC2IN11 Pin=JP5-4
Added Pin To Net: NetName=PC1_ADC2IN11 Pin=U1-27
Added Net: Name=PC1_ADC2IN11
Added Pin To Net: NetName=PC2_ADC2IN12 Pin=JP5-6
Added Pin To Net: NetName=PC2_ADC2IN12 Pin=U1-28
Added Net: Name=PC2_ADC2IN12
Added Pin To Net: NetName=PC3_ADC2IN13 Pin=JP5-8
Added Pin To Net: NetName=PC3_ADC2IN13 Pin=U1-29
Added Net: Name=PC3_ADC2IN13
Added Pin To Net: NetName=PC4 Pin=JP14-3
Added Pin To Net: NetName=PC4 Pin=U1-44
Added Net: Name=PC4
Added Pin To Net: NetName=PC5 Pin=JP14-4
Added Pin To Net: NetName=PC5 Pin=U1-45
Added Net: Name=PC5
Added Pin To Net: NetName=PC6_TIM8CH1 Pin=JP1-1
Added Pin To Net: NetName=PC6_TIM8CH1 Pin=U1-96
Added Net: Name=PC6_TIM8CH1
Added Pin To Net: NetName=PC7_TIM8CH2 Pin=JP1-3
Added Pin To Net: NetName=PC7_TIM8CH2 Pin=U1-97
Added Net: Name=PC7_TIM8CH2
Added Pin To Net: NetName=PC8_TIM8CH3 Pin=JP1-5
Added Pin To Net: NetName=PC8_TIM8CH3 Pin=U1-98
Added Net: Name=PC8_TIM8CH3
Added Pin To Net: NetName=PC9_TIM8CH4 Pin=JP1-7
Added Pin To Net: NetName=PC9_TIM8CH4 Pin=U1-99
Added Net: Name=PC9_TIM8CH4
Added Pin To Net: NetName=PC10_SPI3_SCK Pin=JP17-3
Added Pin To Net: NetName=PC10_SPI3_SCK Pin=U1-111
Added Net: Name=PC10_SPI3_SCK
Added Pin To Net: NetName=PC11_SPI3_MISO Pin=JP17-2
Added Pin To Net: NetName=PC11_SPI3_MISO Pin=U1-112
Added Net: Name=PC11_SPI3_MISO
Added Pin To Net: NetName=PC12_SPI3_MOSI Pin=JP17-1
Added Pin To Net: NetName=PC12_SPI3_MOSI Pin=U1-113
Added Net: Name=PC12_SPI3_MOSI
Added Pin To Net: NetName=PC13_KEY0 Pin=JP6-1
Added Pin To Net: NetName=PC13_KEY0 Pin=R7-2
Added Pin To Net: NetName=PC13_KEY0 Pin=U1-7
Added Net: Name=PC13_KEY0
Added Pin To Net: NetName=PD0_FSMC_D2 Pin=J1-25
Added Pin To Net: NetName=PD0_FSMC_D2 Pin=U1-114
Added Net: Name=PD0_FSMC_D2
Added Pin To Net: NetName=PD1_FSMC_D3 Pin=J1-24
Added Pin To Net: NetName=PD1_FSMC_D3 Pin=U1-115
Added Net: Name=PD1_FSMC_D3
Added Pin To Net: NetName=PD2 Pin=JP14-5
Added Pin To Net: NetName=PD2 Pin=U1-116
Added Net: Name=PD2
Added Pin To Net: NetName=PD3 Pin=JP14-6
Added Pin To Net: NetName=PD3 Pin=U1-117
Added Net: Name=PD3
Added Pin To Net: NetName=PD4_FSMC_NOE Pin=J1-29
Added Pin To Net: NetName=PD4_FSMC_NOE Pin=U1-118
Added Net: Name=PD4_FSMC_NOE
Added Pin To Net: NetName=PD5_FSMC_NWE Pin=J1-30
Added Pin To Net: NetName=PD5_FSMC_NWE Pin=U1-119
Added Net: Name=PD5_FSMC_NWE
Added Pin To Net: NetName=PD6_USART2 Pin=JP16-3
Added Pin To Net: NetName=PD6_USART2 Pin=U1-122
Added Net: Name=PD6_USART2
Added Pin To Net: NetName=PD7 Pin=JP14-7
Added Pin To Net: NetName=PD7 Pin=U1-123
Added Net: Name=PD7
Added Pin To Net: NetName=PD8_FSMC_D13 Pin=J1-14
Added Pin To Net: NetName=PD8_FSMC_D13 Pin=U1-77
Added Net: Name=PD8_FSMC_D13
Added Pin To Net: NetName=PD9_FSMC_D14 Pin=J1-13
Added Pin To Net: NetName=PD9_FSMC_D14 Pin=U1-78
Added Net: Name=PD9_FSMC_D14
Added Pin To Net: NetName=PD10_FSMC_D15 Pin=J1-12
Added Pin To Net: NetName=PD10_FSMC_D15 Pin=U1-79
Added Net: Name=PD10_FSMC_D15
Added Pin To Net: NetName=PD11_KEY1 Pin=JP6-2
Added Pin To Net: NetName=PD11_KEY1 Pin=U1-80
Added Net: Name=PD11_KEY1
Added Pin To Net: NetName=PD12_TIM4_EN1 Pin=JP4-6
Added Pin To Net: NetName=PD12_TIM4_EN1 Pin=U1-81
Added Net: Name=PD12_TIM4_EN1
Added Pin To Net: NetName=PD13_TIM4_EN2 Pin=JP4-8
Added Pin To Net: NetName=PD13_TIM4_EN2 Pin=U1-82
Added Net: Name=PD13_TIM4_EN2
Added Pin To Net: NetName=PD14_FSMC_D0 Pin=J1-27
Added Pin To Net: NetName=PD14_FSMC_D0 Pin=U1-85
Added Net: Name=PD14_FSMC_D0
Added Pin To Net: NetName=PD15_FSMC_D1 Pin=J1-26
Added Pin To Net: NetName=PD15_FSMC_D1 Pin=U1-86
Added Net: Name=PD15_FSMC_D1
Added Pin To Net: NetName=PDR Pin=DE2-1
Added Pin To Net: NetName=PDR Pin=R2-1
Added Pin To Net: NetName=PDR Pin=U1-143
Added Net: Name=PDR
Added Pin To Net: NetName=PE0 Pin=JP14-8
Added Pin To Net: NetName=PE0 Pin=U1-141
Added Net: Name=PE0
Added Pin To Net: NetName=PE1 Pin=JP14-9
Added Pin To Net: NetName=PE1 Pin=U1-142
Added Net: Name=PE1
Added Pin To Net: NetName=PE2 Pin=JP14-10
Added Pin To Net: NetName=PE2 Pin=U1-1
Added Net: Name=PE2
Added Pin To Net: NetName=PE3 Pin=JP14-11
Added Pin To Net: NetName=PE3 Pin=U1-2
Added Net: Name=PE3
Added Pin To Net: NetName=PE4 Pin=JP14-12
Added Pin To Net: NetName=PE4 Pin=U1-3
Added Net: Name=PE4
Added Pin To Net: NetName=PE5 Pin=JP15-1
Added Pin To Net: NetName=PE5 Pin=U1-4
Added Net: Name=PE5
Added Pin To Net: NetName=PE6 Pin=JP15-2
Added Pin To Net: NetName=PE6 Pin=U1-5
Added Net: Name=PE6
Added Pin To Net: NetName=PE7_FSMC_D4 Pin=J1-23
Added Pin To Net: NetName=PE7_FSMC_D4 Pin=U1-58
Added Net: Name=PE7_FSMC_D4
Added Pin To Net: NetName=PE8_FSMC_D5 Pin=J1-22
Added Pin To Net: NetName=PE8_FSMC_D5 Pin=U1-59
Added Net: Name=PE8_FSMC_D5
Added Pin To Net: NetName=PE9_FSMC_D6 Pin=J1-21
Added Pin To Net: NetName=PE9_FSMC_D6 Pin=U1-60
Added Net: Name=PE9_FSMC_D6
Added Pin To Net: NetName=PE10_FSMC_D7 Pin=J1-20
Added Pin To Net: NetName=PE10_FSMC_D7 Pin=U1-63
Added Net: Name=PE10_FSMC_D7
Added Pin To Net: NetName=PE11_FSMC_D8 Pin=J1-19
Added Pin To Net: NetName=PE11_FSMC_D8 Pin=U1-64
Added Net: Name=PE11_FSMC_D8
Added Pin To Net: NetName=PE12_FSMC_D9 Pin=J1-18
Added Pin To Net: NetName=PE12_FSMC_D9 Pin=U1-65
Added Net: Name=PE12_FSMC_D9
Added Pin To Net: NetName=PE13_FSMC_D10 Pin=J1-17
Added Pin To Net: NetName=PE13_FSMC_D10 Pin=U1-66
Added Net: Name=PE13_FSMC_D10
Added Pin To Net: NetName=PE14_FSMC_D11 Pin=J1-16
Added Pin To Net: NetName=PE14_FSMC_D11 Pin=U1-67
Added Net: Name=PE14_FSMC_D11
Added Pin To Net: NetName=PE15_FSMC_D12 Pin=J1-15
Added Pin To Net: NetName=PE15_FSMC_D12 Pin=U1-68
Added Net: Name=PE15_FSMC_D12
Added Pin To Net: NetName=PF0_IIC2_SDA Pin=JP11-3
Added Pin To Net: NetName=PF0_IIC2_SDA Pin=R10-2
Added Pin To Net: NetName=PF0_IIC2_SDA Pin=U1-10
Added Net: Name=PF0_IIC2_SDA
Added Pin To Net: NetName=PF1_IIC2_SCL Pin=JP11-2
Added Pin To Net: NetName=PF1_IIC2_SCL Pin=R11-2
Added Pin To Net: NetName=PF1_IIC2_SCL Pin=U1-11
Added Net: Name=PF1_IIC2_SCL
Added Pin To Net: NetName=PF2_LED0 Pin=JP9-2
Added Pin To Net: NetName=PF2_LED0 Pin=R12-1
Added Pin To Net: NetName=PF2_LED0 Pin=U1-12
Added Net: Name=PF2_LED0
Added Pin To Net: NetName=PF3_LED1 Pin=JP9-3
Added Pin To Net: NetName=PF3_LED1 Pin=R13-1
Added Pin To Net: NetName=PF3_LED1 Pin=U1-13
Added Net: Name=PF3_LED1
Added Pin To Net: NetName=PF4_ADC3IN14 Pin=JP7-1
Added Pin To Net: NetName=PF4_ADC3IN14 Pin=U1-14
Added Net: Name=PF4_ADC3IN14
Added Pin To Net: NetName=PF5_ADC3IN15 Pin=JP7-2
Added Pin To Net: NetName=PF5_ADC3IN15 Pin=U1-15
Added Net: Name=PF5_ADC3IN15
Added Pin To Net: NetName=PF6 Pin=JP15-3
Added Pin To Net: NetName=PF6 Pin=U1-18
Added Net: Name=PF6
Added Pin To Net: NetName=PF7 Pin=JP15-4
Added Pin To Net: NetName=PF7 Pin=U1-19
Added Net: Name=PF7
Added Pin To Net: NetName=PF8 Pin=JP15-5
Added Pin To Net: NetName=PF8 Pin=U1-20
Added Net: Name=PF8
Added Pin To Net: NetName=PF9 Pin=JP15-6
Added Pin To Net: NetName=PF9 Pin=U1-21
Added Net: Name=PF9
Added Pin To Net: NetName=PF10 Pin=JP15-7
Added Pin To Net: NetName=PF10 Pin=U1-22
Added Net: Name=PF10
Added Pin To Net: NetName=PF11_KEY2 Pin=JP6-3
Added Pin To Net: NetName=PF11_KEY2 Pin=R5-2
Added Pin To Net: NetName=PF11_KEY2 Pin=U1-49
Added Net: Name=PF11_KEY2
Added Pin To Net: NetName=PF12_FSMC_A6 Pin=J1-31
Added Pin To Net: NetName=PF12_FSMC_A6 Pin=U1-50
Added Net: Name=PF12_FSMC_A6
Added Pin To Net: NetName=PF13 Pin=JP15-8
Added Pin To Net: NetName=PF13 Pin=U1-53
Added Net: Name=PF13
Added Pin To Net: NetName=PF14 Pin=JP15-9
Added Pin To Net: NetName=PF14 Pin=U1-54
Added Net: Name=PF14
Added Pin To Net: NetName=PF15 Pin=JP15-10
Added Pin To Net: NetName=PF15 Pin=U1-55
Added Net: Name=PF15
Added Pin To Net: NetName=PG0 Pin=JP15-11
Added Pin To Net: NetName=PG0 Pin=U1-56
Added Net: Name=PG0
Added Pin To Net: NetName=PG1_KEY3 Pin=JP6-4
Added Pin To Net: NetName=PG1_KEY3 Pin=U1-57
Added Net: Name=PG1_KEY3
Added Pin To Net: NetName=PG2 Pin=JP15-12
Added Pin To Net: NetName=PG2 Pin=U1-87
Added Net: Name=PG2
Added Pin To Net: NetName=PG12_FSMC_NE4 Pin=J1-32
Added Pin To Net: NetName=PG12_FSMC_NE4 Pin=U1-127
Added Net: Name=PG12_FSMC_NE4
Added Pin To Net: NetName=RST Pin=J1-28
Added Pin To Net: NetName=RST Pin=R3-2
Added Pin To Net: NetName=RST Pin=SW2-1
Added Pin To Net: NetName=RST Pin=U1-25
Added Net: Name=RST
Added Pin To Net: NetName=SWCLK Pin=JP12-2
Added Pin To Net: NetName=SWCLK Pin=U1-109
Added Net: Name=SWCLK
Added Pin To Net: NetName=SWDIO Pin=JP12-3
Added Pin To Net: NetName=SWDIO Pin=U1-105
Added Net: Name=SWDIO
Added Pin To Net: NetName=T_CS Pin=J1-2
Added Pin To Net: NetName=T_CS Pin=R7-1
Added Net: Name=T_CS
Added Pin To Net: NetName=T_MISO Pin=J1-5
Added Pin To Net: NetName=T_MISO Pin=R4-1
Added Net: Name=T_MISO
Added Pin To Net: NetName=T_MOSI Pin=J1-4
Added Pin To Net: NetName=T_MOSI Pin=R5-1
Added Net: Name=T_MOSI
Added Pin To Net: NetName=T_PEN Pin=J1-3
Added Pin To Net: NetName=T_PEN Pin=R6-1
Added Net: Name=T_PEN
Added Pin To Net: NetName=T_SCLK Pin=J1-1
Added Pin To Net: NetName=T_SCLK Pin=R8-1
Added Net: Name=T_SCLK
Added Pin To Net: NetName=VBAT_PIN_IN Pin=D1-2
Added Pin To Net: NetName=VBAT_PIN_IN Pin=JP9-1
Added Net: Name=VBAT_PIN_IN
Added Pin To Net: NetName=VBAT Pin=D1-3
Added Pin To Net: NetName=VBAT Pin=U1-6
Added Net: Name=VBAT
Added Pin To Net: NetName=VCAP1 Pin=C10-2
Added Pin To Net: NetName=VCAP1 Pin=U1-71
Added Net: Name=VCAP1
Added Pin To Net: NetName=VCAP2 Pin=C11-2
Added Pin To Net: NetName=VCAP2 Pin=U1-106
Added Net: Name=VCAP2
Added Pin To Net: NetName=VDDA Pin=C4-2
Added Pin To Net: NetName=VDDA Pin=C12-2
Added Pin To Net: NetName=VDDA Pin=C13-2
Added Pin To Net: NetName=VDDA Pin=C14-2
Added Pin To Net: NetName=VDDA Pin=C15-2
Added Pin To Net: NetName=VDDA Pin=C16-2
Added Pin To Net: NetName=VDDA Pin=C17-2
Added Pin To Net: NetName=VDDA Pin=C18-2
Added Pin To Net: NetName=VDDA Pin=C19-2
Added Pin To Net: NetName=VDDA Pin=D1-1
Added Pin To Net: NetName=VDDA Pin=DE1-1
Added Pin To Net: NetName=VDDA Pin=E1-1
Added Pin To Net: NetName=VDDA Pin=J1-9
Added Pin To Net: NetName=VDDA Pin=J1-10
Added Pin To Net: NetName=VDDA Pin=JP11-4
Added Pin To Net: NetName=VDDA Pin=JP12-4
Added Pin To Net: NetName=VDDA Pin=JP13-4
Added Pin To Net: NetName=VDDA Pin=JP16-4
Added Pin To Net: NetName=VDDA Pin=R2-2
Added Pin To Net: NetName=VDDA Pin=R3-1
Added Pin To Net: NetName=VDDA Pin=R9-2
Added Pin To Net: NetName=VDDA Pin=R10-1
Added Pin To Net: NetName=VDDA Pin=R11-1
Added Pin To Net: NetName=VDDA Pin=R15-1
Added Pin To Net: NetName=VDDA Pin=U1-17
Added Pin To Net: NetName=VDDA Pin=U1-30
Added Pin To Net: NetName=VDDA Pin=U1-33
Added Pin To Net: NetName=VDDA Pin=U1-39
Added Pin To Net: NetName=VDDA Pin=U1-52
Added Pin To Net: NetName=VDDA Pin=U1-62
Added Pin To Net: NetName=VDDA Pin=U1-72
Added Pin To Net: NetName=VDDA Pin=U1-84
Added Pin To Net: NetName=VDDA Pin=U1-95
Added Pin To Net: NetName=VDDA Pin=U1-108
Added Pin To Net: NetName=VDDA Pin=U1-121
Added Pin To Net: NetName=VDDA Pin=U1-131
Added Pin To Net: NetName=VDDA Pin=U1-144
Added Net: Name=VDDA
Added Pin To Net: NetName=VREF+ Pin=C8-2
Added Pin To Net: NetName=VREF+ Pin=C9-2
Added Pin To Net: NetName=VREF+ Pin=R9-1
Added Pin To Net: NetName=VREF+ Pin=U1-32
Added Net: Name=VREF+
Added Pin To Net: NetName=VSSA Pin=C1-2
Added Pin To Net: NetName=VSSA Pin=C2-2
Added Pin To Net: NetName=VSSA Pin=C3-2
Added Pin To Net: NetName=VSSA Pin=C4-1
Added Pin To Net: NetName=VSSA Pin=C5-1
Added Pin To Net: NetName=VSSA Pin=C6-2
Added Pin To Net: NetName=VSSA Pin=C8-1
Added Pin To Net: NetName=VSSA Pin=C9-1
Added Pin To Net: NetName=VSSA Pin=C10-1
Added Pin To Net: NetName=VSSA Pin=C11-1
Added Pin To Net: NetName=VSSA Pin=C12-1
Added Pin To Net: NetName=VSSA Pin=C13-1
Added Pin To Net: NetName=VSSA Pin=C14-1
Added Pin To Net: NetName=VSSA Pin=C15-1
Added Pin To Net: NetName=VSSA Pin=C16-1
Added Pin To Net: NetName=VSSA Pin=C17-1
Added Pin To Net: NetName=VSSA Pin=C18-1
Added Pin To Net: NetName=VSSA Pin=C19-1
Added Pin To Net: NetName=VSSA Pin=DE1-2
Added Pin To Net: NetName=VSSA Pin=DE2-2
Added Pin To Net: NetName=VSSA Pin=E1-2
Added Pin To Net: NetName=VSSA Pin=E2-2
Added Pin To Net: NetName=VSSA Pin=J1-7
Added Pin To Net: NetName=VSSA Pin=J1-8
Added Pin To Net: NetName=VSSA Pin=JP1-2
Added Pin To Net: NetName=VSSA Pin=JP1-4
Added Pin To Net: NetName=VSSA Pin=JP1-6
Added Pin To Net: NetName=VSSA Pin=JP1-8
Added Pin To Net: NetName=VSSA Pin=JP2-2
Added Pin To Net: NetName=VSSA Pin=JP2-4
Added Pin To Net: NetName=VSSA Pin=JP2-6
Added Pin To Net: NetName=VSSA Pin=JP2-8
Added Pin To Net: NetName=VSSA Pin=JP4-3
Added Pin To Net: NetName=VSSA Pin=JP4-7
Added Pin To Net: NetName=VSSA Pin=JP9-4
Added Pin To Net: NetName=VSSA Pin=JP11-1
Added Pin To Net: NetName=VSSA Pin=JP12-1
Added Pin To Net: NetName=VSSA Pin=JP13-1
Added Pin To Net: NetName=VSSA Pin=JP16-1
Added Pin To Net: NetName=VSSA Pin=JP18-2
Added Pin To Net: NetName=VSSA Pin=JP19-2
Added Pin To Net: NetName=VSSA Pin=LED1-2
Added Pin To Net: NetName=VSSA Pin=LED2-2
Added Pin To Net: NetName=VSSA Pin=LED3-2
Added Pin To Net: NetName=VSSA Pin=LED4-2
Added Pin To Net: NetName=VSSA Pin=SW1-1
Added Pin To Net: NetName=VSSA Pin=SW1-2
Added Pin To Net: NetName=VSSA Pin=SW2-2
Added Pin To Net: NetName=VSSA Pin=U1-16
Added Pin To Net: NetName=VSSA Pin=U1-31
Added Pin To Net: NetName=VSSA Pin=U1-38
Added Pin To Net: NetName=VSSA Pin=U1-51
Added Pin To Net: NetName=VSSA Pin=U1-61
Added Pin To Net: NetName=VSSA Pin=U1-83
Added Pin To Net: NetName=VSSA Pin=U1-94
Added Pin To Net: NetName=VSSA Pin=U1-107
Added Pin To Net: NetName=VSSA Pin=U1-120
Added Pin To Net: NetName=VSSA Pin=U1-130
Added Net: Name=VSSA
Added Class: Name=Sheet1
Added Class: Name=Sheet2
Added Room: Name=Sheet1
Added Room: Name=Sheet2
